{"C:\\Users\\Microsoft\\Desktop\\Futuro-TRABALHO\\Quest-pokedex\\src\\App.jsx": {"path":"C:\\Users\\Microsoft\\Desktop\\Futuro-TRABALHO\\Quest-pokedex\\src\\App.jsx","all":false,"statementMap":{"0":{"start":{"line":1,"column":0},"end":{"line":1,"column":57}},"1":{"start":{"line":2,"column":0},"end":{"line":2,"column":50}},"2":{"start":{"line":3,"column":0},"end":{"line":3,"column":40}},"3":{"start":{"line":4,"column":0},"end":{"line":4,"column":46}},"4":{"start":{"line":5,"column":0},"end":{"line":5,"column":55}},"5":{"start":{"line":6,"column":0},"end":{"line":6,"column":25}},"6":{"start":{"line":7,"column":0},"end":{"line":7,"column":16}},"7":{"start":{"line":8,"column":0},"end":{"line":8,"column":10}},"8":{"start":{"line":9,"column":0},"end":{"line":9,"column":19}},"9":{"start":{"line":10,"column":0},"end":{"line":10,"column":21}},"10":{"start":{"line":11,"column":0},"end":{"line":11,"column":14}},"11":{"start":{"line":12,"column":0},"end":{"line":12,"column":22}},"12":{"start":{"line":13,"column":0},"end":{"line":13,"column":23}},"13":{"start":{"line":14,"column":0},"end":{"line":14,"column":23}},"14":{"start":{"line":15,"column":0},"end":{"line":15,"column":15}},"15":{"start":{"line":16,"column":0},"end":{"line":16,"column":20}},"16":{"start":{"line":17,"column":0},"end":{"line":17,"column":3}},"17":{"start":{"line":18,"column":0},"end":{"line":18,"column":1}},"18":{"start":{"line":19,"column":0},"end":{"line":19,"column":0}},"19":{"start":{"line":20,"column":0},"end":{"line":20,"column":18}}},"s":{"0":1,"1":1,"2":1,"3":1,"4":1,"5":1,"6":1,"7":1,"8":1,"9":1,"10":1,"11":1,"12":1,"13":1,"14":1,"15":1,"16":1,"17":1,"18":1,"19":1},"branchMap":{"0":{"type":"branch","line":7,"loc":{"start":{"line":7,"column":0},"end":{"line":18,"column":1}},"locations":[{"start":{"line":7,"column":0},"end":{"line":18,"column":1}}]}},"b":{"0":[1]},"fnMap":{"0":{"name":"App","decl":{"start":{"line":7,"column":0},"end":{"line":18,"column":1}},"loc":{"start":{"line":7,"column":0},"end":{"line":18,"column":1}},"line":7}},"f":{"0":1}}
,"C:\\Users\\Microsoft\\Desktop\\Futuro-TRABALHO\\Quest-pokedex\\src\\components\\Header.jsx": {"path":"C:\\Users\\Microsoft\\Desktop\\Futuro-TRABALHO\\Quest-pokedex\\src\\components\\Header.jsx","all":false,"statementMap":{"0":{"start":{"line":1,"column":0},"end":{"line":1,"column":41}},"1":{"start":{"line":2,"column":0},"end":{"line":2,"column":58}},"2":{"start":{"line":3,"column":0},"end":{"line":3,"column":39}},"3":{"start":{"line":4,"column":0},"end":{"line":4,"column":33}},"4":{"start":{"line":5,"column":0},"end":{"line":5,"column":51}},"5":{"start":{"line":6,"column":0},"end":{"line":6,"column":0}},"6":{"start":{"line":7,"column":0},"end":{"line":7,"column":11}},"7":{"start":{"line":8,"column":0},"end":{"line":8,"column":21}},"8":{"start":{"line":9,"column":0},"end":{"line":9,"column":28}},"9":{"start":{"line":10,"column":0},"end":{"line":10,"column":61}},"10":{"start":{"line":11,"column":0},"end":{"line":11,"column":22}},"11":{"start":{"line":12,"column":0},"end":{"line":12,"column":5}},"12":{"start":{"line":13,"column":0},"end":{"line":13,"column":1}},"13":{"start":{"line":14,"column":0},"end":{"line":14,"column":0}},"14":{"start":{"line":15,"column":0},"end":{"line":15,"column":34}},"15":{"start":{"line":16,"column":0},"end":{"line":16,"column":18}},"16":{"start":{"line":17,"column":0},"end":{"line":17,"column":27}},"17":{"start":{"line":18,"column":0},"end":{"line":18,"column":24}},"18":{"start":{"line":19,"column":0},"end":{"line":19,"column":30}},"19":{"start":{"line":20,"column":0},"end":{"line":20,"column":15}},"20":{"start":{"line":21,"column":0},"end":{"line":21,"column":2}},"21":{"start":{"line":22,"column":0},"end":{"line":22,"column":0}},"22":{"start":{"line":23,"column":0},"end":{"line":23,"column":29}},"23":{"start":{"line":24,"column":0},"end":{"line":24,"column":21}},"24":{"start":{"line":25,"column":0},"end":{"line":25,"column":21}},"25":{"start":{"line":26,"column":0},"end":{"line":26,"column":24}},"26":{"start":{"line":27,"column":0},"end":{"line":27,"column":15}},"27":{"start":{"line":28,"column":0},"end":{"line":28,"column":30}},"28":{"start":{"line":29,"column":0},"end":{"line":29,"column":22}},"29":{"start":{"line":30,"column":0},"end":{"line":30,"column":17}},"30":{"start":{"line":31,"column":0},"end":{"line":31,"column":18}},"31":{"start":{"line":32,"column":0},"end":{"line":32,"column":28}},"32":{"start":{"line":33,"column":0},"end":{"line":33,"column":0}},"33":{"start":{"line":34,"column":0},"end":{"line":34,"column":11}},"34":{"start":{"line":35,"column":0},"end":{"line":35,"column":32}},"35":{"start":{"line":36,"column":0},"end":{"line":36,"column":26}},"36":{"start":{"line":37,"column":0},"end":{"line":37,"column":27}},"37":{"start":{"line":38,"column":0},"end":{"line":38,"column":43}},"38":{"start":{"line":39,"column":0},"end":{"line":39,"column":3}},"39":{"start":{"line":40,"column":0},"end":{"line":40,"column":0}},"40":{"start":{"line":41,"column":0},"end":{"line":41,"column":13}},"41":{"start":{"line":42,"column":0},"end":{"line":42,"column":18}},"42":{"start":{"line":43,"column":0},"end":{"line":43,"column":29}},"43":{"start":{"line":44,"column":0},"end":{"line":44,"column":3}},"44":{"start":{"line":45,"column":0},"end":{"line":45,"column":2}}},"s":{"0":1,"1":1,"2":1,"3":1,"4":2,"5":2,"6":2,"7":2,"8":2,"9":2,"10":2,"11":2,"12":2,"13":1,"14":1,"15":1,"16":1,"17":1,"18":1,"19":1,"20":1,"21":1,"22":1,"23":1,"24":1,"25":1,"26":1,"27":1,"28":1,"29":1,"30":1,"31":1,"32":1,"33":1,"34":1,"35":1,"36":1,"37":1,"38":1,"39":1,"40":1,"41":1,"42":1,"43":1,"44":1},"branchMap":{"0":{"type":"branch","line":4,"loc":{"start":{"line":4,"column":15},"end":{"line":13,"column":1}},"locations":[{"start":{"line":4,"column":15},"end":{"line":13,"column":1}}]}},"b":{"0":[2]},"fnMap":{"0":{"name":"Header","decl":{"start":{"line":4,"column":15},"end":{"line":13,"column":1}},"loc":{"start":{"line":4,"column":15},"end":{"line":13,"column":1}},"line":4}},"f":{"0":2}}
,"C:\\Users\\Microsoft\\Desktop\\Futuro-TRABALHO\\Quest-pokedex\\src\\components\\Layout.jsx": {"path":"C:\\Users\\Microsoft\\Desktop\\Futuro-TRABALHO\\Quest-pokedex\\src\\components\\Layout.jsx","all":false,"statementMap":{"0":{"start":{"line":1,"column":0},"end":{"line":1,"column":41}},"1":{"start":{"line":2,"column":0},"end":{"line":2,"column":58}},"2":{"start":{"line":3,"column":0},"end":{"line":3,"column":30}},"3":{"start":{"line":4,"column":0},"end":{"line":4,"column":0}},"4":{"start":{"line":5,"column":0},"end":{"line":5,"column":46}},"5":{"start":{"line":6,"column":0},"end":{"line":6,"column":47}},"6":{"start":{"line":7,"column":0},"end":{"line":7,"column":0}},"7":{"start":{"line":8,"column":0},"end":{"line":8,"column":12}},"8":{"start":{"line":9,"column":0},"end":{"line":9,"column":71}},"9":{"start":{"line":10,"column":0},"end":{"line":10,"column":8}},"10":{"start":{"line":11,"column":0},"end":{"line":11,"column":11}},"11":{"start":{"line":12,"column":0},"end":{"line":12,"column":22}},"12":{"start":{"line":13,"column":0},"end":{"line":13,"column":22}},"13":{"start":{"line":14,"column":0},"end":{"line":14,"column":14}},"14":{"start":{"line":15,"column":0},"end":{"line":15,"column":6}},"15":{"start":{"line":16,"column":0},"end":{"line":16,"column":1}}},"s":{"0":1,"1":1,"2":1,"3":1,"4":1,"5":2,"6":2,"7":2,"8":2,"9":2,"10":2,"11":2,"12":2,"13":2,"14":2,"15":2},"branchMap":{"0":{"type":"branch","line":5,"loc":{"start":{"line":5,"column":15},"end":{"line":16,"column":1}},"locations":[{"start":{"line":5,"column":15},"end":{"line":16,"column":1}}]}},"b":{"0":[2]},"fnMap":{"0":{"name":"Layout","decl":{"start":{"line":5,"column":15},"end":{"line":16,"column":1}},"loc":{"start":{"line":5,"column":15},"end":{"line":16,"column":1}},"line":5}},"f":{"0":2}}
,"C:\\Users\\Microsoft\\Desktop\\Futuro-TRABALHO\\Quest-pokedex\\src\\components\\PokemonCard.jsx": {"path":"C:\\Users\\Microsoft\\Desktop\\Futuro-TRABALHO\\Quest-pokedex\\src\\components\\PokemonCard.jsx","all":false,"statementMap":{"0":{"start":{"line":1,"column":0},"end":{"line":1,"column":39}},"1":{"start":{"line":2,"column":0},"end":{"line":2,"column":26}},"2":{"start":{"line":3,"column":0},"end":{"line":3,"column":0}},"3":{"start":{"line":4,"column":0},"end":{"line":4,"column":0}},"4":{"start":{"line":5,"column":0},"end":{"line":5,"column":50}},"5":{"start":{"line":6,"column":0},"end":{"line":6,"column":49}},"6":{"start":{"line":7,"column":0},"end":{"line":7,"column":0}},"7":{"start":{"line":8,"column":0},"end":{"line":8,"column":10}},"8":{"start":{"line":9,"column":0},"end":{"line":9,"column":42}},"9":{"start":{"line":10,"column":0},"end":{"line":10,"column":29}},"10":{"start":{"line":11,"column":0},"end":{"line":11,"column":68}},"11":{"start":{"line":12,"column":0},"end":{"line":12,"column":24}},"12":{"start":{"line":13,"column":0},"end":{"line":13,"column":4}},"13":{"start":{"line":14,"column":0},"end":{"line":14,"column":1}},"14":{"start":{"line":15,"column":0},"end":{"line":15,"column":0}},"15":{"start":{"line":16,"column":0},"end":{"line":16,"column":20}},"16":{"start":{"line":17,"column":0},"end":{"line":17,"column":18}},"17":{"start":{"line":18,"column":0},"end":{"line":18,"column":19}},"18":{"start":{"line":19,"column":0},"end":{"line":19,"column":19}},"19":{"start":{"line":20,"column":0},"end":{"line":20,"column":22}},"20":{"start":{"line":21,"column":0},"end":{"line":21,"column":20}},"21":{"start":{"line":22,"column":0},"end":{"line":22,"column":20}},"22":{"start":{"line":23,"column":0},"end":{"line":23,"column":17}},"23":{"start":{"line":24,"column":0},"end":{"line":24,"column":20}},"24":{"start":{"line":25,"column":0},"end":{"line":25,"column":20}},"25":{"start":{"line":26,"column":0},"end":{"line":26,"column":22}},"26":{"start":{"line":27,"column":0},"end":{"line":27,"column":21}},"27":{"start":{"line":28,"column":0},"end":{"line":28,"column":18}},"28":{"start":{"line":29,"column":0},"end":{"line":29,"column":19}},"29":{"start":{"line":30,"column":0},"end":{"line":30,"column":17}},"30":{"start":{"line":31,"column":0},"end":{"line":31,"column":20}},"31":{"start":{"line":32,"column":0},"end":{"line":32,"column":18}},"32":{"start":{"line":33,"column":0},"end":{"line":33,"column":19}},"33":{"start":{"line":34,"column":0},"end":{"line":34,"column":19}},"34":{"start":{"line":35,"column":0},"end":{"line":35,"column":2}},"35":{"start":{"line":36,"column":0},"end":{"line":36,"column":0}},"36":{"start":{"line":37,"column":0},"end":{"line":37,"column":0}},"37":{"start":{"line":38,"column":0},"end":{"line":38,"column":37}},"38":{"start":{"line":39,"column":0},"end":{"line":39,"column":1}},"39":{"start":{"line":40,"column":0},"end":{"line":40,"column":16}},"40":{"start":{"line":41,"column":0},"end":{"line":41,"column":22}},"41":{"start":{"line":42,"column":0},"end":{"line":42,"column":21}},"42":{"start":{"line":43,"column":0},"end":{"line":43,"column":22}},"43":{"start":{"line":44,"column":0},"end":{"line":44,"column":28}},"44":{"start":{"line":45,"column":0},"end":{"line":45,"column":18}},"45":{"start":{"line":46,"column":0},"end":{"line":46,"column":40}},"46":{"start":{"line":47,"column":0},"end":{"line":47,"column":15}},"47":{"start":{"line":48,"column":0},"end":{"line":48,"column":15}},"48":{"start":{"line":49,"column":0},"end":{"line":49,"column":0}},"49":{"start":{"line":50,"column":0},"end":{"line":50,"column":11}},"50":{"start":{"line":51,"column":0},"end":{"line":51,"column":31}},"51":{"start":{"line":52,"column":0},"end":{"line":52,"column":22}},"52":{"start":{"line":53,"column":0},"end":{"line":53,"column":62}},"53":{"start":{"line":54,"column":0},"end":{"line":54,"column":18}},"54":{"start":{"line":55,"column":0},"end":{"line":55,"column":44}},"55":{"start":{"line":56,"column":0},"end":{"line":56,"column":43}},"56":{"start":{"line":57,"column":0},"end":{"line":57,"column":3}},"57":{"start":{"line":58,"column":0},"end":{"line":58,"column":0}},"58":{"start":{"line":59,"column":0},"end":{"line":59,"column":6}},"59":{"start":{"line":60,"column":0},"end":{"line":60,"column":24}},"60":{"start":{"line":61,"column":0},"end":{"line":61,"column":31}},"61":{"start":{"line":62,"column":0},"end":{"line":62,"column":22}},"62":{"start":{"line":63,"column":0},"end":{"line":63,"column":16}},"63":{"start":{"line":64,"column":0},"end":{"line":64,"column":3}},"64":{"start":{"line":65,"column":0},"end":{"line":65,"column":0}},"65":{"start":{"line":66,"column":0},"end":{"line":66,"column":7}},"66":{"start":{"line":67,"column":0},"end":{"line":67,"column":17}},"67":{"start":{"line":68,"column":0},"end":{"line":68,"column":18}},"68":{"start":{"line":69,"column":0},"end":{"line":69,"column":36}},"69":{"start":{"line":70,"column":0},"end":{"line":70,"column":3}},"70":{"start":{"line":71,"column":0},"end":{"line":71,"column":0}},"71":{"start":{"line":72,"column":0},"end":{"line":72,"column":15}},"72":{"start":{"line":73,"column":0},"end":{"line":73,"column":26}},"73":{"start":{"line":74,"column":0},"end":{"line":74,"column":3}},"74":{"start":{"line":75,"column":0},"end":{"line":75,"column":0}},"75":{"start":{"line":76,"column":0},"end":{"line":76,"column":29}},"76":{"start":{"line":77,"column":0},"end":{"line":77,"column":17}},"77":{"start":{"line":78,"column":0},"end":{"line":78,"column":18}},"78":{"start":{"line":79,"column":0},"end":{"line":79,"column":0}},"79":{"start":{"line":80,"column":0},"end":{"line":80,"column":8}},"80":{"start":{"line":81,"column":0},"end":{"line":81,"column":22}},"81":{"start":{"line":82,"column":0},"end":{"line":82,"column":5}},"82":{"start":{"line":83,"column":0},"end":{"line":83,"column":0}},"83":{"start":{"line":84,"column":0},"end":{"line":84,"column":9}},"84":{"start":{"line":85,"column":0},"end":{"line":85,"column":18}},"85":{"start":{"line":86,"column":0},"end":{"line":86,"column":19}},"86":{"start":{"line":87,"column":0},"end":{"line":87,"column":5}},"87":{"start":{"line":88,"column":0},"end":{"line":88,"column":3}},"88":{"start":{"line":89,"column":0},"end":{"line":89,"column":2}}},"s":{"0":1,"1":1,"2":1,"3":1,"4":1,"5":17,"6":17,"7":17,"8":17,"9":17,"10":17,"11":17,"12":17,"13":17,"14":1,"15":1,"16":1,"17":1,"18":1,"19":1,"20":1,"21":1,"22":1,"23":1,"24":1,"25":1,"26":1,"27":1,"28":1,"29":1,"30":1,"31":1,"32":1,"33":1,"34":1,"35":1,"36":1,"37":1,"38":1,"39":1,"40":1,"41":1,"42":1,"43":1,"44":1,"45":1,"46":1,"47":1,"48":1,"49":1,"50":1,"51":17,"52":17,"53":17,"54":1,"55":1,"56":1,"57":1,"58":1,"59":1,"60":1,"61":1,"62":1,"63":1,"64":1,"65":1,"66":1,"67":1,"68":1,"69":1,"70":1,"71":1,"72":1,"73":1,"74":1,"75":1,"76":1,"77":1,"78":1,"79":1,"80":1,"81":1,"82":1,"83":1,"84":1,"85":1,"86":1,"87":1,"88":1},"branchMap":{"0":{"type":"branch","line":5,"loc":{"start":{"line":5,"column":15},"end":{"line":14,"column":1}},"locations":[{"start":{"line":5,"column":15},"end":{"line":14,"column":1}}]},"1":{"type":"branch","line":51,"loc":{"start":{"line":51,"column":18},"end":{"line":54,"column":18}},"locations":[{"start":{"line":51,"column":18},"end":{"line":54,"column":18}}]},"2":{"type":"branch","line":53,"loc":{"start":{"line":53,"column":59},"end":{"line":54,"column":16}},"locations":[{"start":{"line":53,"column":59},"end":{"line":54,"column":16}}]}},"b":{"0":[17],"1":[17],"2":[0]},"fnMap":{"0":{"name":"PokemonCard","decl":{"start":{"line":5,"column":15},"end":{"line":14,"column":1}},"loc":{"start":{"line":5,"column":15},"end":{"line":14,"column":1}},"line":5}},"f":{"0":17}}
,"C:\\Users\\Microsoft\\Desktop\\Futuro-TRABALHO\\Quest-pokedex\\src\\components\\SelectByType.jsx": {"path":"C:\\Users\\Microsoft\\Desktop\\Futuro-TRABALHO\\Quest-pokedex\\src\\components\\SelectByType.jsx","all":false,"statementMap":{"0":{"start":{"line":1,"column":0},"end":{"line":1,"column":50}},"1":{"start":{"line":2,"column":0},"end":{"line":2,"column":34}},"2":{"start":{"line":3,"column":0},"end":{"line":3,"column":26}},"3":{"start":{"line":4,"column":0},"end":{"line":4,"column":0}},"4":{"start":{"line":5,"column":0},"end":{"line":5,"column":54}},"5":{"start":{"line":6,"column":0},"end":{"line":6,"column":41}},"6":{"start":{"line":7,"column":0},"end":{"line":7,"column":0}},"7":{"start":{"line":8,"column":0},"end":{"line":8,"column":19}},"8":{"start":{"line":9,"column":0},"end":{"line":9,"column":33}},"9":{"start":{"line":10,"column":0},"end":{"line":10,"column":11}},"10":{"start":{"line":11,"column":0},"end":{"line":11,"column":75}},"11":{"start":{"line":12,"column":0},"end":{"line":12,"column":118}},"12":{"start":{"line":13,"column":0},"end":{"line":13,"column":27}},"13":{"start":{"line":14,"column":0},"end":{"line":14,"column":26}},"14":{"start":{"line":15,"column":0},"end":{"line":15,"column":12}},"15":{"start":{"line":16,"column":0},"end":{"line":16,"column":26}},"16":{"start":{"line":17,"column":0},"end":{"line":17,"column":23}},"17":{"start":{"line":18,"column":0},"end":{"line":18,"column":54}},"18":{"start":{"line":19,"column":0},"end":{"line":19,"column":7}},"19":{"start":{"line":20,"column":0},"end":{"line":20,"column":5}},"20":{"start":{"line":21,"column":0},"end":{"line":21,"column":0}},"21":{"start":{"line":22,"column":0},"end":{"line":22,"column":17}},"22":{"start":{"line":23,"column":0},"end":{"line":23,"column":9}},"23":{"start":{"line":24,"column":0},"end":{"line":24,"column":0}},"24":{"start":{"line":25,"column":0},"end":{"line":25,"column":10}},"25":{"start":{"line":26,"column":0},"end":{"line":26,"column":10}},"26":{"start":{"line":27,"column":0},"end":{"line":27,"column":17}},"27":{"start":{"line":28,"column":0},"end":{"line":28,"column":21}},"28":{"start":{"line":29,"column":0},"end":{"line":29,"column":15}},"29":{"start":{"line":30,"column":0},"end":{"line":30,"column":30}},"30":{"start":{"line":31,"column":0},"end":{"line":31,"column":11}},"31":{"start":{"line":32,"column":0},"end":{"line":32,"column":25}},"32":{"start":{"line":33,"column":0},"end":{"line":33,"column":14}},"33":{"start":{"line":34,"column":0},"end":{"line":34,"column":36}},"34":{"start":{"line":35,"column":0},"end":{"line":35,"column":21}},"35":{"start":{"line":36,"column":0},"end":{"line":36,"column":7}},"36":{"start":{"line":37,"column":0},"end":{"line":37,"column":29}},"37":{"start":{"line":38,"column":0},"end":{"line":38,"column":14}},"38":{"start":{"line":39,"column":0},"end":{"line":39,"column":22}},"39":{"start":{"line":40,"column":0},"end":{"line":40,"column":7}},"40":{"start":{"line":41,"column":0},"end":{"line":41,"column":22}},"41":{"start":{"line":42,"column":0},"end":{"line":42,"column":14}},"42":{"start":{"line":43,"column":0},"end":{"line":43,"column":36}},"43":{"start":{"line":44,"column":0},"end":{"line":44,"column":7}},"44":{"start":{"line":45,"column":0},"end":{"line":45,"column":31}},"45":{"start":{"line":46,"column":0},"end":{"line":46,"column":14}},"46":{"start":{"line":47,"column":0},"end":{"line":47,"column":65}},"47":{"start":{"line":48,"column":0},"end":{"line":48,"column":21}},"48":{"start":{"line":49,"column":0},"end":{"line":49,"column":7}},"49":{"start":{"line":50,"column":0},"end":{"line":50,"column":4}},"50":{"start":{"line":51,"column":0},"end":{"line":51,"column":2}},"51":{"start":{"line":52,"column":0},"end":{"line":52,"column":0}},"52":{"start":{"line":53,"column":0},"end":{"line":53,"column":4}},"53":{"start":{"line":54,"column":0},"end":{"line":54,"column":2}}},"s":{"0":1,"1":13,"2":1,"3":1,"4":1,"5":13,"6":13,"7":13,"8":6,"9":6,"10":6,"11":6,"12":4,"13":4,"14":6,"15":6,"16":4,"17":4,"18":6,"19":6,"20":6,"21":6,"22":13,"23":13,"24":13,"25":13,"26":13,"27":13,"28":13,"29":13,"30":13,"31":13,"32":14,"33":14,"34":14,"35":13,"36":13,"37":0,"38":0,"39":13,"40":13,"41":3,"42":3,"43":13,"44":13,"45":0,"46":0,"47":0,"48":13,"49":13,"50":13,"51":13,"52":13,"53":13},"branchMap":{"0":{"type":"branch","line":2,"loc":{"start":{"line":2,"column":0},"end":{"line":2,"column":34}},"locations":[{"start":{"line":2,"column":0},"end":{"line":2,"column":34}}]},"1":{"type":"branch","line":2,"loc":{"start":{"line":2,"column":0},"end":{"line":2,"column":34}},"locations":[{"start":{"line":2,"column":0},"end":{"line":2,"column":34}}]},"2":{"type":"branch","line":2,"loc":{"start":{"line":2,"column":0},"end":{"line":2,"column":34}},"locations":[{"start":{"line":2,"column":0},"end":{"line":2,"column":34}}]},"3":{"type":"branch","line":2,"loc":{"start":{"line":2,"column":0},"end":{"line":2,"column":34}},"locations":[{"start":{"line":2,"column":0},"end":{"line":2,"column":34}}]},"4":{"type":"branch","line":2,"loc":{"start":{"line":2,"column":0},"end":{"line":2,"column":34}},"locations":[{"start":{"line":2,"column":0},"end":{"line":2,"column":34}}]},"5":{"type":"branch","line":2,"loc":{"start":{"line":2,"column":0},"end":{"line":2,"column":34}},"locations":[{"start":{"line":2,"column":0},"end":{"line":2,"column":34}}]},"6":{"type":"branch","line":2,"loc":{"start":{"line":2,"column":0},"end":{"line":2,"column":34}},"locations":[{"start":{"line":2,"column":0},"end":{"line":2,"column":34}}]},"7":{"type":"branch","line":2,"loc":{"start":{"line":2,"column":0},"end":{"line":2,"column":34}},"locations":[{"start":{"line":2,"column":0},"end":{"line":2,"column":34}}]},"8":{"type":"branch","line":2,"loc":{"start":{"line":2,"column":0},"end":{"line":2,"column":34}},"locations":[{"start":{"line":2,"column":0},"end":{"line":2,"column":34}}]},"9":{"type":"branch","line":2,"loc":{"start":{"line":2,"column":0},"end":{"line":2,"column":34}},"locations":[{"start":{"line":2,"column":0},"end":{"line":2,"column":34}}]},"10":{"type":"branch","line":2,"loc":{"start":{"line":2,"column":0},"end":{"line":2,"column":34}},"locations":[{"start":{"line":2,"column":0},"end":{"line":2,"column":34}}]},"11":{"type":"branch","line":2,"loc":{"start":{"line":2,"column":0},"end":{"line":2,"column":34}},"locations":[{"start":{"line":2,"column":0},"end":{"line":2,"column":34}}]},"12":{"type":"branch","line":2,"loc":{"start":{"line":2,"column":0},"end":{"line":2,"column":34}},"locations":[{"start":{"line":2,"column":0},"end":{"line":2,"column":34}}]},"13":{"type":"branch","line":2,"loc":{"start":{"line":2,"column":0},"end":{"line":2,"column":34}},"locations":[{"start":{"line":2,"column":0},"end":{"line":2,"column":34}}]},"14":{"type":"branch","line":2,"loc":{"start":{"line":2,"column":0},"end":{"line":2,"column":34}},"locations":[{"start":{"line":2,"column":0},"end":{"line":2,"column":34}}]},"15":{"type":"branch","line":2,"loc":{"start":{"line":2,"column":0},"end":{"line":2,"column":34}},"locations":[{"start":{"line":2,"column":0},"end":{"line":2,"column":34}}]},"16":{"type":"branch","line":2,"loc":{"start":{"line":2,"column":0},"end":{"line":2,"column":34}},"locations":[{"start":{"line":2,"column":0},"end":{"line":2,"column":34}}]},"17":{"type":"branch","line":2,"loc":{"start":{"line":2,"column":0},"end":{"line":2,"column":34}},"locations":[{"start":{"line":2,"column":0},"end":{"line":2,"column":34}}]},"18":{"type":"branch","line":2,"loc":{"start":{"line":2,"column":0},"end":{"line":2,"column":34}},"locations":[{"start":{"line":2,"column":0},"end":{"line":2,"column":34}}]},"19":{"type":"branch","line":2,"loc":{"start":{"line":2,"column":0},"end":{"line":2,"column":34}},"locations":[{"start":{"line":2,"column":0},"end":{"line":2,"column":34}}]},"20":{"type":"branch","line":2,"loc":{"start":{"line":2,"column":0},"end":{"line":2,"column":34}},"locations":[{"start":{"line":2,"column":0},"end":{"line":2,"column":34}}]},"21":{"type":"branch","line":5,"loc":{"start":{"line":5,"column":28},"end":{"line":54,"column":2}},"locations":[{"start":{"line":5,"column":28},"end":{"line":54,"column":2}}]},"22":{"type":"branch","line":8,"loc":{"start":{"line":8,"column":12},"end":{"line":23,"column":3}},"locations":[{"start":{"line":8,"column":12},"end":{"line":23,"column":3}}]},"23":{"type":"branch","line":8,"loc":{"start":{"line":8,"column":18},"end":{"line":9,"column":33}},"locations":[{"start":{"line":8,"column":18},"end":{"line":9,"column":33}}]},"24":{"type":"branch","line":9,"loc":{"start":{"line":9,"column":29},"end":{"line":20,"column":5}},"locations":[{"start":{"line":9,"column":29},"end":{"line":20,"column":5}}]},"25":{"type":"branch","line":9,"loc":{"start":{"line":9,"column":4},"end":{"line":18,"column":54}},"locations":[{"start":{"line":9,"column":4},"end":{"line":18,"column":54}}]},"26":{"type":"branch","line":9,"loc":{"start":{"line":9,"column":4},"end":{"line":18,"column":54}},"locations":[{"start":{"line":9,"column":4},"end":{"line":18,"column":54}}]},"27":{"type":"branch","line":9,"loc":{"start":{"line":9,"column":4},"end":{"line":18,"column":54}},"locations":[{"start":{"line":9,"column":4},"end":{"line":18,"column":54}}]},"28":{"type":"branch","line":9,"loc":{"start":{"line":9,"column":4},"end":{"line":11,"column":75}},"locations":[{"start":{"line":9,"column":4},"end":{"line":11,"column":75}}]},"29":{"type":"branch","line":11,"loc":{"start":{"line":11,"column":74},"end":{"line":16,"column":26}},"locations":[{"start":{"line":11,"column":74},"end":{"line":16,"column":26}}]},"30":{"type":"branch","line":17,"loc":{"start":{"line":17,"column":-2},"end":{"line":18,"column":54}},"locations":[{"start":{"line":17,"column":-2},"end":{"line":18,"column":54}}]},"31":{"type":"branch","line":12,"loc":{"start":{"line":12,"column":44},"end":{"line":12,"column":103}},"locations":[{"start":{"line":12,"column":44},"end":{"line":12,"column":103}}]},"32":{"type":"branch","line":12,"loc":{"start":{"line":12,"column":75},"end":{"line":12,"column":102}},"locations":[{"start":{"line":12,"column":75},"end":{"line":12,"column":102}}]},"33":{"type":"branch","line":12,"loc":{"start":{"line":12,"column":108},"end":{"line":15,"column":10}},"locations":[{"start":{"line":12,"column":108},"end":{"line":15,"column":10}}]},"34":{"type":"branch","line":32,"loc":{"start":{"line":32,"column":13},"end":{"line":35,"column":21}},"locations":[{"start":{"line":32,"column":13},"end":{"line":35,"column":21}}]},"35":{"type":"branch","line":41,"loc":{"start":{"line":41,"column":10},"end":{"line":43,"column":36}},"locations":[{"start":{"line":41,"column":10},"end":{"line":43,"column":36}}]}},"b":{"0":[2],"1":[0],"2":[26],"3":[24],"4":[0],"5":[2],"6":[6],"7":[12],"8":[12],"9":[0],"10":[6],"11":[6],"12":[6],"13":[6],"14":[6],"15":[12],"16":[13],"17":[0],"18":[0],"19":[0],"20":[13],"21":[13],"22":[6],"23":[6],"24":[6],"25":[6],"26":[16],"27":[18],"28":[6],"29":[6],"30":[4],"31":[8],"32":[6],"33":[4],"34":[14],"35":[3]},"fnMap":{"0":{"name":"_regeneratorDefine2","decl":{"start":{"line":2,"column":0},"end":{"line":2,"column":34}},"loc":{"start":{"line":2,"column":0},"end":{"line":2,"column":34}},"line":2},"1":{"name":"_regeneratorDefine","decl":{"start":{"line":2,"column":0},"end":{"line":2,"column":34}},"loc":{"start":{"line":2,"column":0},"end":{"line":2,"column":34}},"line":2},"2":{"name":"o","decl":{"start":{"line":2,"column":0},"end":{"line":2,"column":34}},"loc":{"start":{"line":2,"column":0},"end":{"line":2,"column":34}},"line":2},"3":{"name":"asyncGeneratorStep","decl":{"start":{"line":2,"column":0},"end":{"line":2,"column":34}},"loc":{"start":{"line":2,"column":0},"end":{"line":2,"column":34}},"line":2},"4":{"name":"_asyncToGenerator","decl":{"start":{"line":2,"column":0},"end":{"line":2,"column":34}},"loc":{"start":{"line":2,"column":0},"end":{"line":2,"column":34}},"line":2},"5":{"name":"_next","decl":{"start":{"line":2,"column":0},"end":{"line":2,"column":34}},"loc":{"start":{"line":2,"column":0},"end":{"line":2,"column":34}},"line":2},"6":{"name":"_throw","decl":{"start":{"line":2,"column":0},"end":{"line":2,"column":34}},"loc":{"start":{"line":2,"column":0},"end":{"line":2,"column":34}},"line":2},"7":{"name":"_slicedToArray","decl":{"start":{"line":2,"column":0},"end":{"line":2,"column":34}},"loc":{"start":{"line":2,"column":0},"end":{"line":2,"column":34}},"line":2},"8":{"name":"_nonIterableRest","decl":{"start":{"line":2,"column":0},"end":{"line":2,"column":34}},"loc":{"start":{"line":2,"column":0},"end":{"line":2,"column":34}},"line":2},"9":{"name":"_unsupportedIterableToArray","decl":{"start":{"line":2,"column":0},"end":{"line":2,"column":34}},"loc":{"start":{"line":2,"column":0},"end":{"line":2,"column":34}},"line":2},"10":{"name":"_arrayLikeToArray","decl":{"start":{"line":2,"column":0},"end":{"line":2,"column":34}},"loc":{"start":{"line":2,"column":0},"end":{"line":2,"column":34}},"line":2},"11":{"name":"_iterableToArrayLimit","decl":{"start":{"line":2,"column":0},"end":{"line":2,"column":34}},"loc":{"start":{"line":2,"column":0},"end":{"line":2,"column":34}},"line":2},"12":{"name":"_arrayWithHoles","decl":{"start":{"line":2,"column":0},"end":{"line":2,"column":34}},"loc":{"start":{"line":2,"column":0},"end":{"line":2,"column":34}},"line":2},"13":{"name":"SelectByType","decl":{"start":{"line":5,"column":28},"end":{"line":54,"column":2}},"loc":{"start":{"line":5,"column":28},"end":{"line":54,"column":2}},"line":5},"14":{"name":"fetchTypes","decl":{"start":{"line":8,"column":18},"end":{"line":9,"column":33}},"loc":{"start":{"line":8,"column":18},"end":{"line":9,"column":33}},"line":8},"15":{"name":"_fetchTypes","decl":{"start":{"line":9,"column":29},"end":{"line":20,"column":5}},"loc":{"start":{"line":9,"column":29},"end":{"line":20,"column":5}},"line":9},"16":{"name":"_callee","decl":{"start":{"line":9,"column":4},"end":{"line":18,"column":54}},"loc":{"start":{"line":9,"column":4},"end":{"line":18,"column":54}},"line":9},"17":{"name":"control","decl":{"start":{"line":32,"column":13},"end":{"line":35,"column":21}},"loc":{"start":{"line":32,"column":13},"end":{"line":35,"column":21}},"line":32},"18":{"name":"singleValue","decl":{"start":{"line":37,"column":17},"end":{"line":39,"column":22}},"loc":{"start":{"line":37,"column":17},"end":{"line":39,"column":22}},"line":37},"19":{"name":"menu","decl":{"start":{"line":41,"column":10},"end":{"line":43,"column":36}},"loc":{"start":{"line":41,"column":10},"end":{"line":43,"column":36}},"line":41},"20":{"name":"option","decl":{"start":{"line":45,"column":12},"end":{"line":48,"column":21}},"loc":{"start":{"line":45,"column":12},"end":{"line":48,"column":21}},"line":45}},"f":{"0":2,"1":26,"2":6,"3":12,"4":6,"5":12,"6":0,"7":13,"8":0,"9":0,"10":0,"11":0,"12":13,"13":13,"14":6,"15":6,"16":6,"17":14,"18":0,"19":3,"20":0}}
,"C:\\Users\\Microsoft\\Desktop\\Futuro-TRABALHO\\Quest-pokedex\\src\\contextApi\\HomeContext.jsx": {"path":"C:\\Users\\Microsoft\\Desktop\\Futuro-TRABALHO\\Quest-pokedex\\src\\contextApi\\HomeContext.jsx","all":false,"statementMap":{"0":{"start":{"line":1,"column":0},"end":{"line":1,"column":67}},"1":{"start":{"line":2,"column":0},"end":{"line":2,"column":0}},"2":{"start":{"line":3,"column":0},"end":{"line":3,"column":36}},"3":{"start":{"line":4,"column":0},"end":{"line":4,"column":0}},"4":{"start":{"line":5,"column":0},"end":{"line":5,"column":44}},"5":{"start":{"line":6,"column":0},"end":{"line":6,"column":53}},"6":{"start":{"line":7,"column":0},"end":{"line":7,"column":42}},"7":{"start":{"line":8,"column":0},"end":{"line":8,"column":0}},"8":{"start":{"line":9,"column":0},"end":{"line":9,"column":57}},"9":{"start":{"line":10,"column":0},"end":{"line":10,"column":55}},"10":{"start":{"line":11,"column":0},"end":{"line":11,"column":46}},"11":{"start":{"line":12,"column":0},"end":{"line":12,"column":55}},"12":{"start":{"line":13,"column":0},"end":{"line":13,"column":56}},"13":{"start":{"line":14,"column":0},"end":{"line":14,"column":0}},"14":{"start":{"line":15,"column":0},"end":{"line":15,"column":1}},"15":{"start":{"line":16,"column":0},"end":{"line":16,"column":44}},"16":{"start":{"line":17,"column":0},"end":{"line":17,"column":0}},"17":{"start":{"line":18,"column":0},"end":{"line":18,"column":10}},"18":{"start":{"line":19,"column":0},"end":{"line":19,"column":25}},"19":{"start":{"line":20,"column":0},"end":{"line":20,"column":14}},"20":{"start":{"line":21,"column":0},"end":{"line":21,"column":36}},"21":{"start":{"line":22,"column":0},"end":{"line":22,"column":26}},"22":{"start":{"line":23,"column":0},"end":{"line":23,"column":38}},"23":{"start":{"line":24,"column":0},"end":{"line":24,"column":38}},"24":{"start":{"line":25,"column":0},"end":{"line":25,"column":30}},"25":{"start":{"line":26,"column":0},"end":{"line":26,"column":38}},"26":{"start":{"line":27,"column":0},"end":{"line":27,"column":36}},"27":{"start":{"line":28,"column":0},"end":{"line":28,"column":28}},"28":{"start":{"line":29,"column":0},"end":{"line":29,"column":8}},"29":{"start":{"line":30,"column":0},"end":{"line":30,"column":5}},"30":{"start":{"line":31,"column":0},"end":{"line":31,"column":16}},"31":{"start":{"line":32,"column":0},"end":{"line":32,"column":27}},"32":{"start":{"line":33,"column":0},"end":{"line":33,"column":4}},"33":{"start":{"line":34,"column":0},"end":{"line":34,"column":1}},"34":{"start":{"line":35,"column":0},"end":{"line":35,"column":0}},"35":{"start":{"line":36,"column":0},"end":{"line":36,"column":27}},"36":{"start":{"line":37,"column":0},"end":{"line":37,"column":33}},"37":{"start":{"line":38,"column":0},"end":{"line":38,"column":1}}},"s":{"0":1,"1":1,"2":1,"3":1,"4":1,"5":17,"6":17,"7":17,"8":17,"9":17,"10":17,"11":17,"12":17,"13":17,"14":17,"15":17,"16":17,"17":17,"18":17,"19":17,"20":17,"21":17,"22":17,"23":17,"24":17,"25":17,"26":17,"27":17,"28":17,"29":17,"30":17,"31":17,"32":17,"33":17,"34":1,"35":1,"36":16,"37":16},"branchMap":{"0":{"type":"branch","line":5,"loc":{"start":{"line":5,"column":7},"end":{"line":34,"column":1}},"locations":[{"start":{"line":5,"column":7},"end":{"line":34,"column":1}}]},"1":{"type":"branch","line":36,"loc":{"start":{"line":36,"column":7},"end":{"line":38,"column":1}},"locations":[{"start":{"line":36,"column":7},"end":{"line":38,"column":1}}]}},"b":{"0":[17],"1":[16]},"fnMap":{"0":{"name":"HomeProvider","decl":{"start":{"line":5,"column":7},"end":{"line":34,"column":1}},"loc":{"start":{"line":5,"column":7},"end":{"line":34,"column":1}},"line":5},"1":{"name":"useHome","decl":{"start":{"line":36,"column":7},"end":{"line":38,"column":1}},"loc":{"start":{"line":36,"column":7},"end":{"line":38,"column":1}},"line":36}},"f":{"0":17,"1":16}}
,"C:\\Users\\Microsoft\\Desktop\\Futuro-TRABALHO\\Quest-pokedex\\src\\contextApi\\ThemeContext.jsx": {"path":"C:\\Users\\Microsoft\\Desktop\\Futuro-TRABALHO\\Quest-pokedex\\src\\contextApi\\ThemeContext.jsx","all":false,"statementMap":{"0":{"start":{"line":1,"column":0},"end":{"line":1,"column":54}},"1":{"start":{"line":2,"column":0},"end":{"line":2,"column":73}},"2":{"start":{"line":3,"column":0},"end":{"line":3,"column":0}},"3":{"start":{"line":4,"column":0},"end":{"line":4,"column":23}},"4":{"start":{"line":5,"column":0},"end":{"line":5,"column":12}},"5":{"start":{"line":6,"column":0},"end":{"line":6,"column":30}},"6":{"start":{"line":7,"column":0},"end":{"line":7,"column":22}},"7":{"start":{"line":8,"column":0},"end":{"line":8,"column":8}},"8":{"start":{"line":9,"column":0},"end":{"line":9,"column":6}},"9":{"start":{"line":10,"column":0},"end":{"line":10,"column":11}},"10":{"start":{"line":11,"column":0},"end":{"line":11,"column":27}},"11":{"start":{"line":12,"column":0},"end":{"line":12,"column":22}},"12":{"start":{"line":13,"column":0},"end":{"line":13,"column":8}},"13":{"start":{"line":14,"column":0},"end":{"line":14,"column":5}},"14":{"start":{"line":15,"column":0},"end":{"line":15,"column":1}},"15":{"start":{"line":16,"column":0},"end":{"line":16,"column":0}},"16":{"start":{"line":17,"column":0},"end":{"line":17,"column":46}},"17":{"start":{"line":18,"column":0},"end":{"line":18,"column":0}},"18":{"start":{"line":19,"column":0},"end":{"line":19,"column":41}},"19":{"start":{"line":20,"column":0},"end":{"line":20,"column":53}},"20":{"start":{"line":21,"column":0},"end":{"line":21,"column":0}},"21":{"start":{"line":22,"column":0},"end":{"line":22,"column":31}},"22":{"start":{"line":23,"column":0},"end":{"line":23,"column":29}},"23":{"start":{"line":24,"column":0},"end":{"line":24,"column":67}},"24":{"start":{"line":25,"column":0},"end":{"line":25,"column":10}},"25":{"start":{"line":26,"column":0},"end":{"line":26,"column":6}},"26":{"start":{"line":27,"column":0},"end":{"line":27,"column":0}},"27":{"start":{"line":28,"column":0},"end":{"line":28,"column":12}},"28":{"start":{"line":29,"column":0},"end":{"line":29,"column":62}},"29":{"start":{"line":30,"column":0},"end":{"line":30,"column":47}},"30":{"start":{"line":31,"column":0},"end":{"line":31,"column":32}},"31":{"start":{"line":32,"column":0},"end":{"line":32,"column":34}},"32":{"start":{"line":33,"column":0},"end":{"line":33,"column":32}},"33":{"start":{"line":34,"column":0},"end":{"line":34,"column":6}},"34":{"start":{"line":35,"column":0},"end":{"line":35,"column":1}}},"s":{"0":1,"1":1,"2":1,"3":1,"4":1,"5":1,"6":1,"7":1,"8":1,"9":1,"10":1,"11":1,"12":1,"13":1,"14":1,"15":1,"16":1,"17":1,"18":1,"19":4,"20":4,"21":4,"22":2,"23":2,"24":2,"25":4,"26":4,"27":4,"28":4,"29":4,"30":4,"31":4,"32":4,"33":4,"34":4},"branchMap":{"0":{"type":"branch","line":19,"loc":{"start":{"line":19,"column":29},"end":{"line":35,"column":1}},"locations":[{"start":{"line":19,"column":29},"end":{"line":35,"column":1}}]},"1":{"type":"branch","line":22,"loc":{"start":{"line":22,"column":24},"end":{"line":26,"column":5}},"locations":[{"start":{"line":22,"column":24},"end":{"line":26,"column":5}}]},"2":{"type":"branch","line":23,"loc":{"start":{"line":23,"column":17},"end":{"line":24,"column":67}},"locations":[{"start":{"line":23,"column":17},"end":{"line":24,"column":67}}]},"3":{"type":"branch","line":24,"loc":{"start":{"line":24,"column":38},"end":{"line":24,"column":52}},"locations":[{"start":{"line":24,"column":38},"end":{"line":24,"column":52}}]},"4":{"type":"branch","line":24,"loc":{"start":{"line":24,"column":52},"end":{"line":24,"column":67}},"locations":[{"start":{"line":24,"column":52},"end":{"line":24,"column":67}}]}},"b":{"0":[4],"1":[2],"2":[2],"3":[1],"4":[1]},"fnMap":{"0":{"name":"ThemeProvider","decl":{"start":{"line":19,"column":29},"end":{"line":35,"column":1}},"loc":{"start":{"line":19,"column":29},"end":{"line":35,"column":1}},"line":19},"1":{"name":"toggleTheme","decl":{"start":{"line":22,"column":24},"end":{"line":26,"column":5}},"loc":{"start":{"line":22,"column":24},"end":{"line":26,"column":5}},"line":22}},"f":{"0":4,"1":2}}
,"C:\\Users\\Microsoft\\Desktop\\Futuro-TRABALHO\\Quest-pokedex\\src\\pages\\Home.jsx": {"path":"C:\\Users\\Microsoft\\Desktop\\Futuro-TRABALHO\\Quest-pokedex\\src\\pages\\Home.jsx","all":false,"statementMap":{"0":{"start":{"line":1,"column":0},"end":{"line":1,"column":41}},"1":{"start":{"line":2,"column":0},"end":{"line":2,"column":40}},"2":{"start":{"line":3,"column":0},"end":{"line":3,"column":39}},"3":{"start":{"line":4,"column":0},"end":{"line":4,"column":52}},"4":{"start":{"line":5,"column":0},"end":{"line":5,"column":52}},"5":{"start":{"line":6,"column":0},"end":{"line":6,"column":58}},"6":{"start":{"line":7,"column":0},"end":{"line":7,"column":26}},"7":{"start":{"line":8,"column":0},"end":{"line":8,"column":52}},"8":{"start":{"line":9,"column":0},"end":{"line":9,"column":0}},"9":{"start":{"line":10,"column":0},"end":{"line":10,"column":32}},"10":{"start":{"line":11,"column":0},"end":{"line":11,"column":9}},"11":{"start":{"line":12,"column":0},"end":{"line":12,"column":32}},"12":{"start":{"line":13,"column":0},"end":{"line":13,"column":22}},"13":{"start":{"line":14,"column":0},"end":{"line":14,"column":34}},"14":{"start":{"line":15,"column":0},"end":{"line":15,"column":34}},"15":{"start":{"line":16,"column":0},"end":{"line":16,"column":26}},"16":{"start":{"line":17,"column":0},"end":{"line":17,"column":34}},"17":{"start":{"line":18,"column":0},"end":{"line":18,"column":32}},"18":{"start":{"line":19,"column":0},"end":{"line":19,"column":24}},"19":{"start":{"line":20,"column":0},"end":{"line":20,"column":16}},"20":{"start":{"line":21,"column":0},"end":{"line":21,"column":0}},"21":{"start":{"line":22,"column":0},"end":{"line":22,"column":0}},"22":{"start":{"line":23,"column":0},"end":{"line":23,"column":19}},"23":{"start":{"line":24,"column":0},"end":{"line":24,"column":51}},"24":{"start":{"line":25,"column":0},"end":{"line":25,"column":20}},"25":{"start":{"line":26,"column":0},"end":{"line":26,"column":52}},"26":{"start":{"line":27,"column":0},"end":{"line":27,"column":40}},"27":{"start":{"line":28,"column":0},"end":{"line":28,"column":23}},"28":{"start":{"line":29,"column":0},"end":{"line":29,"column":11}},"29":{"start":{"line":30,"column":0},"end":{"line":30,"column":5}},"30":{"start":{"line":31,"column":0},"end":{"line":31,"column":67}},"31":{"start":{"line":32,"column":0},"end":{"line":32,"column":0}},"32":{"start":{"line":33,"column":0},"end":{"line":33,"column":2}},"33":{"start":{"line":34,"column":0},"end":{"line":34,"column":19}},"34":{"start":{"line":35,"column":0},"end":{"line":35,"column":32}},"35":{"start":{"line":36,"column":0},"end":{"line":36,"column":9}},"36":{"start":{"line":37,"column":0},"end":{"line":37,"column":0}},"37":{"start":{"line":38,"column":0},"end":{"line":38,"column":2}},"38":{"start":{"line":39,"column":0},"end":{"line":39,"column":19}},"39":{"start":{"line":40,"column":0},"end":{"line":40,"column":58}},"40":{"start":{"line":41,"column":0},"end":{"line":41,"column":52}},"41":{"start":{"line":42,"column":0},"end":{"line":42,"column":68}},"42":{"start":{"line":43,"column":0},"end":{"line":43,"column":19}},"43":{"start":{"line":44,"column":0},"end":{"line":44,"column":0}},"44":{"start":{"line":45,"column":0},"end":{"line":45,"column":2}},"45":{"start":{"line":46,"column":0},"end":{"line":46,"column":42}},"46":{"start":{"line":47,"column":0},"end":{"line":47,"column":49}},"47":{"start":{"line":48,"column":0},"end":{"line":48,"column":54}},"48":{"start":{"line":49,"column":0},"end":{"line":49,"column":33}},"49":{"start":{"line":50,"column":0},"end":{"line":50,"column":3}},"50":{"start":{"line":51,"column":0},"end":{"line":51,"column":0}},"51":{"start":{"line":52,"column":0},"end":{"line":52,"column":1}},"52":{"start":{"line":53,"column":0},"end":{"line":53,"column":39}},"53":{"start":{"line":54,"column":0},"end":{"line":54,"column":30}},"54":{"start":{"line":55,"column":0},"end":{"line":55,"column":9}},"55":{"start":{"line":56,"column":0},"end":{"line":56,"column":34}},"56":{"start":{"line":57,"column":0},"end":{"line":57,"column":62}},"57":{"start":{"line":58,"column":0},"end":{"line":58,"column":8}},"58":{"start":{"line":59,"column":0},"end":{"line":59,"column":0}},"59":{"start":{"line":60,"column":0},"end":{"line":60,"column":69}},"60":{"start":{"line":61,"column":0},"end":{"line":61,"column":39}},"61":{"start":{"line":62,"column":0},"end":{"line":62,"column":0}},"62":{"start":{"line":63,"column":0},"end":{"line":63,"column":52}},"63":{"start":{"line":64,"column":0},"end":{"line":64,"column":41}},"64":{"start":{"line":65,"column":0},"end":{"line":65,"column":65}},"65":{"start":{"line":66,"column":0},"end":{"line":66,"column":8}},"66":{"start":{"line":67,"column":0},"end":{"line":67,"column":0}},"67":{"start":{"line":68,"column":0},"end":{"line":68,"column":32}},"68":{"start":{"line":69,"column":0},"end":{"line":69,"column":21}},"69":{"start":{"line":70,"column":0},"end":{"line":70,"column":27}},"70":{"start":{"line":71,"column":0},"end":{"line":71,"column":21}},"71":{"start":{"line":72,"column":0},"end":{"line":72,"column":54}},"72":{"start":{"line":73,"column":0},"end":{"line":73,"column":5}},"73":{"start":{"line":74,"column":0},"end":{"line":74,"column":3}},"74":{"start":{"line":75,"column":0},"end":{"line":75,"column":0}},"75":{"start":{"line":76,"column":0},"end":{"line":76,"column":2}},"76":{"start":{"line":77,"column":0},"end":{"line":77,"column":41}},"77":{"start":{"line":78,"column":0},"end":{"line":78,"column":32}},"78":{"start":{"line":79,"column":0},"end":{"line":79,"column":27}},"79":{"start":{"line":80,"column":0},"end":{"line":80,"column":56}},"80":{"start":{"line":81,"column":0},"end":{"line":81,"column":0}},"81":{"start":{"line":82,"column":0},"end":{"line":82,"column":39}},"82":{"start":{"line":83,"column":0},"end":{"line":83,"column":67}},"83":{"start":{"line":84,"column":0},"end":{"line":84,"column":6}},"84":{"start":{"line":85,"column":0},"end":{"line":85,"column":0}},"85":{"start":{"line":86,"column":0},"end":{"line":86,"column":52}},"86":{"start":{"line":87,"column":0},"end":{"line":87,"column":34}},"87":{"start":{"line":88,"column":0},"end":{"line":88,"column":3}},"88":{"start":{"line":89,"column":0},"end":{"line":89,"column":0}},"89":{"start":{"line":90,"column":0},"end":{"line":90,"column":2}},"90":{"start":{"line":91,"column":0},"end":{"line":91,"column":28}},"91":{"start":{"line":92,"column":0},"end":{"line":92,"column":26}},"92":{"start":{"line":93,"column":0},"end":{"line":93,"column":26}},"93":{"start":{"line":94,"column":0},"end":{"line":94,"column":24}},"94":{"start":{"line":95,"column":0},"end":{"line":95,"column":19}},"95":{"start":{"line":96,"column":0},"end":{"line":96,"column":24}},"96":{"start":{"line":97,"column":0},"end":{"line":97,"column":23}},"97":{"start":{"line":98,"column":0},"end":{"line":98,"column":17}},"98":{"start":{"line":99,"column":0},"end":{"line":99,"column":3}},"99":{"start":{"line":100,"column":0},"end":{"line":100,"column":0}},"100":{"start":{"line":101,"column":0},"end":{"line":101,"column":64}},"101":{"start":{"line":102,"column":0},"end":{"line":102,"column":0}},"102":{"start":{"line":103,"column":0},"end":{"line":103,"column":10}},"103":{"start":{"line":104,"column":0},"end":{"line":104,"column":15}},"104":{"start":{"line":105,"column":0},"end":{"line":105,"column":16}},"105":{"start":{"line":106,"column":0},"end":{"line":106,"column":21}},"106":{"start":{"line":107,"column":0},"end":{"line":107,"column":54}},"107":{"start":{"line":108,"column":0},"end":{"line":108,"column":30}},"108":{"start":{"line":109,"column":0},"end":{"line":109,"column":10}},"109":{"start":{"line":110,"column":0},"end":{"line":110,"column":76}},"110":{"start":{"line":111,"column":0},"end":{"line":111,"column":25}},"111":{"start":{"line":112,"column":0},"end":{"line":112,"column":79}},"112":{"start":{"line":113,"column":0},"end":{"line":113,"column":10}},"113":{"start":{"line":114,"column":0},"end":{"line":114,"column":17}},"114":{"start":{"line":115,"column":0},"end":{"line":115,"column":0}},"115":{"start":{"line":116,"column":0},"end":{"line":116,"column":28}},"116":{"start":{"line":117,"column":0},"end":{"line":117,"column":47}},"117":{"start":{"line":118,"column":0},"end":{"line":118,"column":15}},"118":{"start":{"line":119,"column":0},"end":{"line":119,"column":23}},"119":{"start":{"line":120,"column":0},"end":{"line":120,"column":43}},"120":{"start":{"line":121,"column":0},"end":{"line":121,"column":46}},"121":{"start":{"line":122,"column":0},"end":{"line":122,"column":11}},"122":{"start":{"line":123,"column":0},"end":{"line":123,"column":45}},"123":{"start":{"line":124,"column":0},"end":{"line":124,"column":17}},"124":{"start":{"line":125,"column":0},"end":{"line":125,"column":11}},"125":{"start":{"line":126,"column":0},"end":{"line":126,"column":29}},"126":{"start":{"line":127,"column":0},"end":{"line":127,"column":0}},"127":{"start":{"line":128,"column":0},"end":{"line":128,"column":24}},"128":{"start":{"line":129,"column":0},"end":{"line":129,"column":56}},"129":{"start":{"line":130,"column":0},"end":{"line":130,"column":27}},"130":{"start":{"line":131,"column":0},"end":{"line":131,"column":25}},"131":{"start":{"line":132,"column":0},"end":{"line":132,"column":8}},"132":{"start":{"line":133,"column":0},"end":{"line":133,"column":68}},"133":{"start":{"line":134,"column":0},"end":{"line":134,"column":55}},"134":{"start":{"line":135,"column":0},"end":{"line":135,"column":27}},"135":{"start":{"line":136,"column":0},"end":{"line":136,"column":25}},"136":{"start":{"line":137,"column":0},"end":{"line":137,"column":8}},"137":{"start":{"line":138,"column":0},"end":{"line":138,"column":86}},"138":{"start":{"line":139,"column":0},"end":{"line":139,"column":19}},"139":{"start":{"line":140,"column":0},"end":{"line":140,"column":23}},"140":{"start":{"line":141,"column":0},"end":{"line":141,"column":0}},"141":{"start":{"line":142,"column":0},"end":{"line":142,"column":16}},"142":{"start":{"line":143,"column":0},"end":{"line":143,"column":4}},"143":{"start":{"line":144,"column":0},"end":{"line":144,"column":1}},"144":{"start":{"line":145,"column":0},"end":{"line":145,"column":0}},"145":{"start":{"line":146,"column":0},"end":{"line":146,"column":0}},"146":{"start":{"line":147,"column":0},"end":{"line":147,"column":29}},"147":{"start":{"line":148,"column":0},"end":{"line":148,"column":16}},"148":{"start":{"line":149,"column":0},"end":{"line":149,"column":2}},"149":{"start":{"line":150,"column":0},"end":{"line":150,"column":0}},"150":{"start":{"line":151,"column":0},"end":{"line":151,"column":28}},"151":{"start":{"line":152,"column":0},"end":{"line":152,"column":16}},"152":{"start":{"line":153,"column":0},"end":{"line":153,"column":12}},"153":{"start":{"line":154,"column":0},"end":{"line":154,"column":22}},"154":{"start":{"line":155,"column":0},"end":{"line":155,"column":18}},"155":{"start":{"line":156,"column":0},"end":{"line":156,"column":26}},"156":{"start":{"line":157,"column":0},"end":{"line":157,"column":22}},"157":{"start":{"line":158,"column":0},"end":{"line":158,"column":0}},"158":{"start":{"line":159,"column":0},"end":{"line":159,"column":29}},"159":{"start":{"line":160,"column":0},"end":{"line":160,"column":27}},"160":{"start":{"line":161,"column":0},"end":{"line":161,"column":25}},"161":{"start":{"line":162,"column":0},"end":{"line":162,"column":2}},"162":{"start":{"line":163,"column":0},"end":{"line":163,"column":0}},"163":{"start":{"line":164,"column":0},"end":{"line":164,"column":40}},"164":{"start":{"line":165,"column":0},"end":{"line":165,"column":16}},"165":{"start":{"line":166,"column":0},"end":{"line":166,"column":18}},"166":{"start":{"line":167,"column":0},"end":{"line":167,"column":12}},"167":{"start":{"line":168,"column":0},"end":{"line":168,"column":26}},"168":{"start":{"line":169,"column":0},"end":{"line":169,"column":24}},"169":{"start":{"line":170,"column":0},"end":{"line":170,"column":16}},"170":{"start":{"line":171,"column":0},"end":{"line":171,"column":22}},"171":{"start":{"line":172,"column":0},"end":{"line":172,"column":42}},"172":{"start":{"line":173,"column":0},"end":{"line":173,"column":1}},"173":{"start":{"line":174,"column":0},"end":{"line":174,"column":14}},"174":{"start":{"line":175,"column":0},"end":{"line":175,"column":21}},"175":{"start":{"line":176,"column":0},"end":{"line":176,"column":27}},"176":{"start":{"line":177,"column":0},"end":{"line":177,"column":2}},"177":{"start":{"line":178,"column":0},"end":{"line":178,"column":0}},"178":{"start":{"line":179,"column":0},"end":{"line":179,"column":37}},"179":{"start":{"line":180,"column":0},"end":{"line":180,"column":3}},"180":{"start":{"line":181,"column":0},"end":{"line":181,"column":24}},"181":{"start":{"line":182,"column":0},"end":{"line":182,"column":15}},"182":{"start":{"line":183,"column":0},"end":{"line":183,"column":20}},"183":{"start":{"line":184,"column":0},"end":{"line":184,"column":30}},"184":{"start":{"line":185,"column":0},"end":{"line":185,"column":22}},"185":{"start":{"line":186,"column":0},"end":{"line":186,"column":17}},"186":{"start":{"line":187,"column":0},"end":{"line":187,"column":18}},"187":{"start":{"line":188,"column":0},"end":{"line":188,"column":28}},"188":{"start":{"line":189,"column":0},"end":{"line":189,"column":0}},"189":{"start":{"line":190,"column":0},"end":{"line":190,"column":11}},"190":{"start":{"line":191,"column":0},"end":{"line":191,"column":32}},"191":{"start":{"line":192,"column":0},"end":{"line":192,"column":26}},"192":{"start":{"line":193,"column":0},"end":{"line":193,"column":27}},"193":{"start":{"line":194,"column":0},"end":{"line":194,"column":43}},"194":{"start":{"line":195,"column":0},"end":{"line":195,"column":3}},"195":{"start":{"line":196,"column":0},"end":{"line":196,"column":0}},"196":{"start":{"line":197,"column":0},"end":{"line":197,"column":13}},"197":{"start":{"line":198,"column":0},"end":{"line":198,"column":18}},"198":{"start":{"line":199,"column":0},"end":{"line":199,"column":29}},"199":{"start":{"line":200,"column":0},"end":{"line":200,"column":3}},"200":{"start":{"line":201,"column":0},"end":{"line":201,"column":2}}},"s":{"0":1,"1":0,"2":1,"3":1,"4":1,"5":1,"6":1,"7":1,"8":1,"9":1,"10":10,"11":10,"12":10,"13":10,"14":10,"15":10,"16":10,"17":10,"18":10,"19":10,"20":10,"21":10,"22":10,"23":10,"24":4,"25":4,"26":4,"27":8,"28":4,"29":4,"30":10,"31":10,"32":10,"33":10,"34":4,"35":10,"36":10,"37":10,"38":10,"39":4,"40":4,"41":4,"42":10,"43":2,"44":2,"45":2,"46":2,"47":2,"48":2,"49":2,"50":1,"51":1,"52":1,"53":1,"54":0,"55":0,"56":0,"57":0,"58":0,"59":0,"60":0,"61":0,"62":0,"63":0,"64":0,"65":0,"66":0,"67":0,"68":0,"69":0,"70":0,"71":0,"72":1,"73":1,"74":0,"75":0,"76":0,"77":0,"78":0,"79":0,"80":0,"81":0,"82":0,"83":0,"84":0,"85":0,"86":0,"87":0,"88":10,"89":10,"90":10,"91":0,"92":0,"93":0,"94":0,"95":0,"96":0,"97":0,"98":0,"99":10,"100":10,"101":10,"102":10,"103":10,"104":10,"105":10,"106":10,"107":10,"108":10,"109":10,"110":10,"111":0,"112":10,"113":10,"114":10,"115":10,"116":10,"117":14,"118":14,"119":14,"120":14,"121":14,"122":14,"123":14,"124":10,"125":10,"126":10,"127":10,"128":10,"129":10,"130":10,"131":10,"132":10,"133":0,"134":0,"135":0,"136":10,"137":10,"138":10,"139":10,"140":10,"141":10,"142":10,"143":10,"144":1,"145":1,"146":1,"147":1,"148":1,"149":1,"150":1,"151":1,"152":1,"153":1,"154":1,"155":1,"156":1,"157":1,"158":1,"159":1,"160":1,"161":1,"162":1,"163":1,"164":1,"165":1,"166":1,"167":1,"168":1,"169":1,"170":1,"171":1,"172":1,"173":1,"174":1,"175":1,"176":1,"177":1,"178":1,"179":1,"180":1,"181":1,"182":1,"183":1,"184":1,"185":1,"186":1,"187":1,"188":1,"189":1,"190":1,"191":1,"192":1,"193":1,"194":1,"195":1,"196":1,"197":1,"198":1,"199":1,"200":1},"branchMap":{"0":{"type":"branch","line":2,"loc":{"start":{"line":2,"column":0},"end":{"line":2,"column":40}},"locations":[{"start":{"line":2,"column":0},"end":{"line":2,"column":40}}]},"1":{"type":"branch","line":2,"loc":{"start":{"line":2,"column":0},"end":{"line":2,"column":40}},"locations":[{"start":{"line":2,"column":0},"end":{"line":2,"column":40}}]},"2":{"type":"branch","line":2,"loc":{"start":{"line":2,"column":0},"end":{"line":2,"column":40}},"locations":[{"start":{"line":2,"column":0},"end":{"line":2,"column":40}}]},"3":{"type":"branch","line":2,"loc":{"start":{"line":2,"column":0},"end":{"line":2,"column":40}},"locations":[{"start":{"line":2,"column":0},"end":{"line":2,"column":40}}]},"4":{"type":"branch","line":2,"loc":{"start":{"line":2,"column":0},"end":{"line":2,"column":40}},"locations":[{"start":{"line":2,"column":0},"end":{"line":2,"column":40}}]},"5":{"type":"branch","line":2,"loc":{"start":{"line":2,"column":0},"end":{"line":2,"column":40}},"locations":[{"start":{"line":2,"column":0},"end":{"line":2,"column":40}}]},"6":{"type":"branch","line":2,"loc":{"start":{"line":2,"column":0},"end":{"line":2,"column":40}},"locations":[{"start":{"line":2,"column":0},"end":{"line":2,"column":40}}]},"7":{"type":"branch","line":2,"loc":{"start":{"line":2,"column":0},"end":{"line":2,"column":40}},"locations":[{"start":{"line":2,"column":0},"end":{"line":2,"column":40}}]},"8":{"type":"branch","line":2,"loc":{"start":{"line":2,"column":0},"end":{"line":2,"column":40}},"locations":[{"start":{"line":2,"column":0},"end":{"line":2,"column":40}}]},"9":{"type":"branch","line":2,"loc":{"start":{"line":2,"column":0},"end":{"line":2,"column":40}},"locations":[{"start":{"line":2,"column":0},"end":{"line":2,"column":40}}]},"10":{"type":"branch","line":2,"loc":{"start":{"line":2,"column":0},"end":{"line":2,"column":40}},"locations":[{"start":{"line":2,"column":0},"end":{"line":2,"column":40}}]},"11":{"type":"branch","line":2,"loc":{"start":{"line":2,"column":0},"end":{"line":2,"column":40}},"locations":[{"start":{"line":2,"column":0},"end":{"line":2,"column":40}}]},"12":{"type":"branch","line":2,"loc":{"start":{"line":2,"column":0},"end":{"line":2,"column":40}},"locations":[{"start":{"line":2,"column":0},"end":{"line":2,"column":40}}]},"13":{"type":"branch","line":2,"loc":{"start":{"line":2,"column":0},"end":{"line":2,"column":40}},"locations":[{"start":{"line":2,"column":0},"end":{"line":2,"column":40}}]},"14":{"type":"branch","line":2,"loc":{"start":{"line":2,"column":0},"end":{"line":2,"column":40}},"locations":[{"start":{"line":2,"column":0},"end":{"line":2,"column":40}}]},"15":{"type":"branch","line":2,"loc":{"start":{"line":2,"column":0},"end":{"line":2,"column":40}},"locations":[{"start":{"line":2,"column":0},"end":{"line":2,"column":40}}]},"16":{"type":"branch","line":10,"loc":{"start":{"line":10,"column":15},"end":{"line":144,"column":1}},"locations":[{"start":{"line":10,"column":15},"end":{"line":144,"column":1}}]},"17":{"type":"branch","line":101,"loc":{"start":{"line":101,"column":34},"end":{"line":101,"column":49}},"locations":[{"start":{"line":101,"column":34},"end":{"line":101,"column":49}}]},"18":{"type":"branch","line":111,"loc":{"start":{"line":111,"column":20},"end":{"line":112,"column":79}},"locations":[{"start":{"line":111,"column":20},"end":{"line":112,"column":79}}]},"19":{"type":"branch","line":133,"loc":{"start":{"line":133,"column":18},"end":{"line":133,"column":63}},"locations":[{"start":{"line":133,"column":18},"end":{"line":133,"column":63}}]},"20":{"type":"branch","line":133,"loc":{"start":{"line":133,"column":63},"end":{"line":136,"column":25}},"locations":[{"start":{"line":133,"column":63},"end":{"line":136,"column":25}}]},"21":{"type":"branch","line":23,"loc":{"start":{"line":23,"column":12},"end":{"line":31,"column":3}},"locations":[{"start":{"line":23,"column":12},"end":{"line":31,"column":3}}]},"22":{"type":"branch","line":24,"loc":{"start":{"line":24,"column":50},"end":{"line":30,"column":5}},"locations":[{"start":{"line":24,"column":50},"end":{"line":30,"column":5}}]},"23":{"type":"branch","line":25,"loc":{"start":{"line":25,"column":7},"end":{"line":28,"column":23}},"locations":[{"start":{"line":25,"column":7},"end":{"line":28,"column":23}}]},"24":{"type":"branch","line":25,"loc":{"start":{"line":25,"column":7},"end":{"line":28,"column":23}},"locations":[{"start":{"line":25,"column":7},"end":{"line":28,"column":23}}]},"25":{"type":"branch","line":25,"loc":{"start":{"line":25,"column":7},"end":{"line":26,"column":52}},"locations":[{"start":{"line":25,"column":7},"end":{"line":26,"column":52}}]},"26":{"type":"branch","line":26,"loc":{"start":{"line":26,"column":51},"end":{"line":28,"column":22}},"locations":[{"start":{"line":26,"column":51},"end":{"line":28,"column":22}}]},"27":{"type":"branch","line":28,"loc":{"start":{"line":28,"column":22},"end":{"line":28,"column":23}},"locations":[{"start":{"line":28,"column":22},"end":{"line":28,"column":23}}]},"28":{"type":"branch","line":34,"loc":{"start":{"line":34,"column":12},"end":{"line":36,"column":3}},"locations":[{"start":{"line":34,"column":12},"end":{"line":36,"column":3}}]},"29":{"type":"branch","line":39,"loc":{"start":{"line":39,"column":12},"end":{"line":43,"column":3}},"locations":[{"start":{"line":39,"column":12},"end":{"line":43,"column":3}}]},"30":{"type":"branch","line":42,"loc":{"start":{"line":42,"column":11},"end":{"line":42,"column":68}},"locations":[{"start":{"line":42,"column":11},"end":{"line":42,"column":68}}]},"31":{"type":"branch","line":44,"loc":{"start":{"line":44,"column":-2},"end":{"line":46,"column":42}},"locations":[{"start":{"line":44,"column":-2},"end":{"line":46,"column":42}}]},"32":{"type":"branch","line":46,"loc":{"start":{"line":46,"column":38},"end":{"line":50,"column":3}},"locations":[{"start":{"line":46,"column":38},"end":{"line":50,"column":3}}]},"33":{"type":"branch","line":46,"loc":{"start":{"line":46,"column":2},"end":{"line":49,"column":33}},"locations":[{"start":{"line":46,"column":2},"end":{"line":49,"column":33}}]},"34":{"type":"branch","line":46,"loc":{"start":{"line":46,"column":2},"end":{"line":49,"column":33}},"locations":[{"start":{"line":46,"column":2},"end":{"line":49,"column":33}}]},"35":{"type":"branch","line":46,"loc":{"start":{"line":46,"column":2},"end":{"line":47,"column":49}},"locations":[{"start":{"line":46,"column":2},"end":{"line":47,"column":49}}]},"36":{"type":"branch","line":47,"loc":{"start":{"line":47,"column":48},"end":{"line":49,"column":33}},"locations":[{"start":{"line":47,"column":48},"end":{"line":49,"column":33}}]},"37":{"type":"branch","line":48,"loc":{"start":{"line":48,"column":19},"end":{"line":48,"column":52}},"locations":[{"start":{"line":48,"column":19},"end":{"line":48,"column":52}}]},"38":{"type":"branch","line":49,"loc":{"start":{"line":49,"column":14},"end":{"line":49,"column":32}},"locations":[{"start":{"line":49,"column":14},"end":{"line":49,"column":32}}]},"39":{"type":"branch","line":51,"loc":{"start":{"line":51,"column":-2},"end":{"line":53,"column":39}},"locations":[{"start":{"line":51,"column":-2},"end":{"line":53,"column":39}}]},"40":{"type":"branch","line":53,"loc":{"start":{"line":53,"column":35},"end":{"line":74,"column":3}},"locations":[{"start":{"line":53,"column":35},"end":{"line":74,"column":3}}]},"41":{"type":"branch","line":53,"loc":{"start":{"line":53,"column":2},"end":{"line":72,"column":54}},"locations":[{"start":{"line":53,"column":2},"end":{"line":72,"column":54}}]},"42":{"type":"branch","line":53,"loc":{"start":{"line":53,"column":2},"end":{"line":72,"column":54}},"locations":[{"start":{"line":53,"column":2},"end":{"line":72,"column":54}}]},"43":{"type":"branch","line":54,"loc":{"start":{"line":54,"column":21},"end":{"line":54,"column":30}},"locations":[{"start":{"line":54,"column":21},"end":{"line":54,"column":30}}]},"44":{"type":"branch","line":54,"loc":{"start":{"line":54,"column":21},"end":{"line":58,"column":8}},"locations":[{"start":{"line":54,"column":21},"end":{"line":58,"column":8}}]},"45":{"type":"branch","line":58,"loc":{"start":{"line":58,"column":7},"end":{"line":66,"column":8}},"locations":[{"start":{"line":58,"column":7},"end":{"line":66,"column":8}}]},"46":{"type":"branch","line":66,"loc":{"start":{"line":66,"column":7},"end":{"line":70,"column":27}},"locations":[{"start":{"line":66,"column":7},"end":{"line":70,"column":27}}]},"47":{"type":"branch","line":71,"loc":{"start":{"line":71,"column":-2},"end":{"line":72,"column":54}},"locations":[{"start":{"line":71,"column":-2},"end":{"line":72,"column":54}}]},"48":{"type":"branch","line":117,"loc":{"start":{"line":117,"column":26},"end":{"line":124,"column":17}},"locations":[{"start":{"line":117,"column":26},"end":{"line":124,"column":17}}]},"49":{"type":"branch","line":138,"loc":{"start":{"line":138,"column":31},"end":{"line":138,"column":85}},"locations":[{"start":{"line":138,"column":31},"end":{"line":138,"column":85}}]}},"b":{"0":[1],"1":[0],"2":[17],"3":[16],"4":[0],"5":[1],"6":[3],"7":[13],"8":[13],"9":[0],"10":[7],"11":[6],"12":[7],"13":[7],"14":[7],"15":[13],"16":[10],"17":[0],"18":[0],"19":[0],"20":[0],"21":[10],"22":[4],"23":[4],"24":[8],"25":[4],"26":[4],"27":[4],"28":[4],"29":[4],"30":[4],"31":[2],"32":[2],"33":[2],"34":[4],"35":[2],"36":[2],"37":[2],"38":[2],"39":[1],"40":[1],"41":[1],"42":[1],"43":[0],"44":[0],"45":[0],"46":[0],"47":[0],"48":[14],"49":[1]},"fnMap":{"0":{"name":"_regeneratorDefine2","decl":{"start":{"line":2,"column":0},"end":{"line":2,"column":40}},"loc":{"start":{"line":2,"column":0},"end":{"line":2,"column":40}},"line":2},"1":{"name":"_regeneratorDefine","decl":{"start":{"line":2,"column":0},"end":{"line":2,"column":40}},"loc":{"start":{"line":2,"column":0},"end":{"line":2,"column":40}},"line":2},"2":{"name":"o","decl":{"start":{"line":2,"column":0},"end":{"line":2,"column":40}},"loc":{"start":{"line":2,"column":0},"end":{"line":2,"column":40}},"line":2},"3":{"name":"asyncGeneratorStep","decl":{"start":{"line":2,"column":0},"end":{"line":2,"column":40}},"loc":{"start":{"line":2,"column":0},"end":{"line":2,"column":40}},"line":2},"4":{"name":"_asyncToGenerator","decl":{"start":{"line":2,"column":0},"end":{"line":2,"column":40}},"loc":{"start":{"line":2,"column":0},"end":{"line":2,"column":40}},"line":2},"5":{"name":"_next","decl":{"start":{"line":2,"column":0},"end":{"line":2,"column":40}},"loc":{"start":{"line":2,"column":0},"end":{"line":2,"column":40}},"line":2},"6":{"name":"_throw","decl":{"start":{"line":2,"column":0},"end":{"line":2,"column":40}},"loc":{"start":{"line":2,"column":0},"end":{"line":2,"column":40}},"line":2},"7":{"name":"Home","decl":{"start":{"line":10,"column":15},"end":{"line":144,"column":1}},"loc":{"start":{"line":10,"column":15},"end":{"line":144,"column":1}},"line":10},"8":{"name":"_callee","decl":{"start":{"line":25,"column":7},"end":{"line":28,"column":23}},"loc":{"start":{"line":25,"column":7},"end":{"line":28,"column":23}},"line":25},"9":{"name":"handleScroll","decl":{"start":{"line":40,"column":25},"end":{"line":40,"column":58}},"loc":{"start":{"line":40,"column":25},"end":{"line":40,"column":58}},"line":40},"10":{"name":"handleLoadMoreVariety","decl":{"start":{"line":44,"column":-2},"end":{"line":46,"column":42}},"loc":{"start":{"line":44,"column":-2},"end":{"line":46,"column":42}},"line":44},"11":{"name":"_handleLoadMoreVariety","decl":{"start":{"line":46,"column":38},"end":{"line":50,"column":3}},"loc":{"start":{"line":46,"column":38},"end":{"line":50,"column":3}},"line":46},"12":{"name":"_callee2","decl":{"start":{"line":46,"column":2},"end":{"line":49,"column":33}},"loc":{"start":{"line":46,"column":2},"end":{"line":49,"column":33}},"line":46},"13":{"name":"handleSearchByType","decl":{"start":{"line":51,"column":-2},"end":{"line":53,"column":39}},"loc":{"start":{"line":51,"column":-2},"end":{"line":53,"column":39}},"line":51},"14":{"name":"_handleSearchByType","decl":{"start":{"line":53,"column":35},"end":{"line":74,"column":3}},"loc":{"start":{"line":53,"column":35},"end":{"line":74,"column":3}},"line":53},"15":{"name":"_callee3","decl":{"start":{"line":53,"column":2},"end":{"line":72,"column":54}},"loc":{"start":{"line":53,"column":2},"end":{"line":72,"column":54}},"line":53},"16":{"name":"handleLoadMoreByType","decl":{"start":{"line":75,"column":-2},"end":{"line":77,"column":41}},"loc":{"start":{"line":75,"column":-2},"end":{"line":77,"column":41}},"line":75},"17":{"name":"_handleLoadMoreByType","decl":{"start":{"line":77,"column":37},"end":{"line":88,"column":3}},"loc":{"start":{"line":77,"column":37},"end":{"line":88,"column":3}},"line":77},"18":{"name":"handleShowAll","decl":{"start":{"line":91,"column":2},"end":{"line":99,"column":3}},"loc":{"start":{"line":91,"column":2},"end":{"line":99,"column":3}},"line":91},"19":{"name":"onChange","decl":{"start":{"line":107,"column":20},"end":{"line":107,"column":54}},"loc":{"start":{"line":107,"column":20},"end":{"line":107,"column":54}},"line":107},"20":{"name":"onClick","decl":{"start":{"line":138,"column":31},"end":{"line":138,"column":85}},"loc":{"start":{"line":138,"column":31},"end":{"line":138,"column":85}},"line":138}},"f":{"0":1,"1":17,"2":3,"3":13,"4":7,"5":13,"6":0,"7":10,"8":4,"9":0,"10":2,"11":2,"12":2,"13":1,"14":1,"15":1,"16":0,"17":0,"18":0,"19":0,"20":1}}
,"C:\\Users\\Microsoft\\Desktop\\Futuro-TRABALHO\\Quest-pokedex\\src\\pages\\PokemonDetails.jsx": {"path":"C:\\Users\\Microsoft\\Desktop\\Futuro-TRABALHO\\Quest-pokedex\\src\\pages\\PokemonDetails.jsx","all":false,"statementMap":{"0":{"start":{"line":1,"column":0},"end":{"line":1,"column":58}},"1":{"start":{"line":2,"column":0},"end":{"line":2,"column":44}},"2":{"start":{"line":3,"column":0},"end":{"line":3,"column":26}},"3":{"start":{"line":4,"column":0},"end":{"line":4,"column":26}},"4":{"start":{"line":5,"column":0},"end":{"line":5,"column":39}},"5":{"start":{"line":6,"column":0},"end":{"line":6,"column":0}},"6":{"start":{"line":7,"column":0},"end":{"line":7,"column":42}},"7":{"start":{"line":8,"column":0},"end":{"line":8,"column":31}},"8":{"start":{"line":9,"column":0},"end":{"line":9,"column":33}},"9":{"start":{"line":10,"column":0},"end":{"line":10,"column":0}},"10":{"start":{"line":11,"column":0},"end":{"line":11,"column":47}},"11":{"start":{"line":12,"column":0},"end":{"line":12,"column":41}},"12":{"start":{"line":13,"column":0},"end":{"line":13,"column":63}},"13":{"start":{"line":14,"column":0},"end":{"line":14,"column":0}},"14":{"start":{"line":15,"column":0},"end":{"line":15,"column":19}},"15":{"start":{"line":16,"column":0},"end":{"line":16,"column":41}},"16":{"start":{"line":17,"column":0},"end":{"line":17,"column":11}},"17":{"start":{"line":18,"column":0},"end":{"line":18,"column":41}},"18":{"start":{"line":19,"column":0},"end":{"line":19,"column":53}},"19":{"start":{"line":20,"column":0},"end":{"line":20,"column":10}},"20":{"start":{"line":21,"column":0},"end":{"line":21,"column":37}},"21":{"start":{"line":22,"column":0},"end":{"line":22,"column":27}},"22":{"start":{"line":23,"column":0},"end":{"line":23,"column":0}},"23":{"start":{"line":24,"column":0},"end":{"line":24,"column":43}},"24":{"start":{"line":25,"column":0},"end":{"line":25,"column":22}},"25":{"start":{"line":26,"column":0},"end":{"line":26,"column":35}},"26":{"start":{"line":27,"column":0},"end":{"line":27,"column":33}},"27":{"start":{"line":28,"column":0},"end":{"line":28,"column":0}},"28":{"start":{"line":29,"column":0},"end":{"line":29,"column":68}},"29":{"start":{"line":30,"column":0},"end":{"line":30,"column":54}},"30":{"start":{"line":31,"column":0},"end":{"line":31,"column":65}},"31":{"start":{"line":32,"column":0},"end":{"line":32,"column":51}},"32":{"start":{"line":33,"column":0},"end":{"line":33,"column":12}},"33":{"start":{"line":34,"column":0},"end":{"line":34,"column":18}},"34":{"start":{"line":35,"column":0},"end":{"line":35,"column":34}},"35":{"start":{"line":36,"column":0},"end":{"line":36,"column":37}},"36":{"start":{"line":37,"column":0},"end":{"line":37,"column":40}},"37":{"start":{"line":38,"column":0},"end":{"line":38,"column":33}},"38":{"start":{"line":39,"column":0},"end":{"line":39,"column":12}},"39":{"start":{"line":40,"column":0},"end":{"line":40,"column":11}},"40":{"start":{"line":41,"column":0},"end":{"line":41,"column":0}},"41":{"start":{"line":42,"column":0},"end":{"line":42,"column":65}},"42":{"start":{"line":43,"column":0},"end":{"line":43,"column":43}},"43":{"start":{"line":44,"column":0},"end":{"line":44,"column":23}},"44":{"start":{"line":45,"column":0},"end":{"line":45,"column":68}},"45":{"start":{"line":46,"column":0},"end":{"line":46,"column":7}},"46":{"start":{"line":47,"column":0},"end":{"line":47,"column":5}},"47":{"start":{"line":48,"column":0},"end":{"line":48,"column":0}},"48":{"start":{"line":49,"column":0},"end":{"line":49,"column":25}},"49":{"start":{"line":50,"column":0},"end":{"line":50,"column":13}},"50":{"start":{"line":51,"column":0},"end":{"line":51,"column":0}},"51":{"start":{"line":52,"column":0},"end":{"line":52,"column":21}},"52":{"start":{"line":53,"column":0},"end":{"line":53,"column":18}},"53":{"start":{"line":54,"column":0},"end":{"line":54,"column":3}},"54":{"start":{"line":55,"column":0},"end":{"line":55,"column":0}},"55":{"start":{"line":56,"column":0},"end":{"line":56,"column":41}},"56":{"start":{"line":57,"column":0},"end":{"line":57,"column":0}},"57":{"start":{"line":58,"column":0},"end":{"line":58,"column":10}},"58":{"start":{"line":59,"column":0},"end":{"line":59,"column":15}},"59":{"start":{"line":60,"column":0},"end":{"line":60,"column":12}},"60":{"start":{"line":61,"column":0},"end":{"line":61,"column":35}},"61":{"start":{"line":62,"column":0},"end":{"line":62,"column":73}},"62":{"start":{"line":63,"column":0},"end":{"line":63,"column":0}},"63":{"start":{"line":64,"column":0},"end":{"line":64,"column":17}},"64":{"start":{"line":65,"column":0},"end":{"line":65,"column":31}},"65":{"start":{"line":66,"column":0},"end":{"line":66,"column":75}},"66":{"start":{"line":67,"column":0},"end":{"line":67,"column":18}},"67":{"start":{"line":68,"column":0},"end":{"line":68,"column":0}},"68":{"start":{"line":69,"column":0},"end":{"line":69,"column":17}},"69":{"start":{"line":70,"column":0},"end":{"line":70,"column":37}},"70":{"start":{"line":71,"column":0},"end":{"line":71,"column":16}},"71":{"start":{"line":72,"column":0},"end":{"line":72,"column":38}},"72":{"start":{"line":73,"column":0},"end":{"line":73,"column":50}},"73":{"start":{"line":74,"column":0},"end":{"line":74,"column":15}},"74":{"start":{"line":75,"column":0},"end":{"line":75,"column":17}},"75":{"start":{"line":76,"column":0},"end":{"line":76,"column":18}},"76":{"start":{"line":77,"column":0},"end":{"line":77,"column":0}},"77":{"start":{"line":78,"column":0},"end":{"line":78,"column":17}},"78":{"start":{"line":79,"column":0},"end":{"line":79,"column":38}},"79":{"start":{"line":80,"column":0},"end":{"line":80,"column":16}},"80":{"start":{"line":81,"column":0},"end":{"line":81,"column":43}},"81":{"start":{"line":82,"column":0},"end":{"line":82,"column":38}},"82":{"start":{"line":83,"column":0},"end":{"line":83,"column":60}},"83":{"start":{"line":84,"column":0},"end":{"line":84,"column":25}},"84":{"start":{"line":85,"column":0},"end":{"line":85,"column":15}},"85":{"start":{"line":86,"column":0},"end":{"line":86,"column":17}},"86":{"start":{"line":87,"column":0},"end":{"line":87,"column":18}},"87":{"start":{"line":88,"column":0},"end":{"line":88,"column":0}},"88":{"start":{"line":89,"column":0},"end":{"line":89,"column":49}},"89":{"start":{"line":90,"column":0},"end":{"line":90,"column":13}},"90":{"start":{"line":91,"column":0},"end":{"line":91,"column":16}},"91":{"start":{"line":92,"column":0},"end":{"line":92,"column":4}},"92":{"start":{"line":93,"column":0},"end":{"line":93,"column":1}},"93":{"start":{"line":94,"column":0},"end":{"line":94,"column":0}},"94":{"start":{"line":95,"column":0},"end":{"line":95,"column":0}},"95":{"start":{"line":96,"column":0},"end":{"line":96,"column":29}},"96":{"start":{"line":97,"column":0},"end":{"line":97,"column":16}},"97":{"start":{"line":98,"column":0},"end":{"line":98,"column":22}},"98":{"start":{"line":99,"column":0},"end":{"line":99,"column":26}},"99":{"start":{"line":100,"column":0},"end":{"line":100,"column":22}},"100":{"start":{"line":101,"column":0},"end":{"line":101,"column":20}},"101":{"start":{"line":102,"column":0},"end":{"line":102,"column":24}},"102":{"start":{"line":103,"column":0},"end":{"line":103,"column":16}},"103":{"start":{"line":104,"column":0},"end":{"line":104,"column":2}},"104":{"start":{"line":105,"column":0},"end":{"line":105,"column":0}},"105":{"start":{"line":106,"column":0},"end":{"line":106,"column":24}},"106":{"start":{"line":107,"column":0},"end":{"line":107,"column":24}},"107":{"start":{"line":108,"column":0},"end":{"line":108,"column":16}},"108":{"start":{"line":109,"column":0},"end":{"line":109,"column":22}},"109":{"start":{"line":110,"column":0},"end":{"line":110,"column":42}},"110":{"start":{"line":111,"column":0},"end":{"line":111,"column":19}},"111":{"start":{"line":112,"column":0},"end":{"line":112,"column":14}},"112":{"start":{"line":113,"column":0},"end":{"line":113,"column":21}},"113":{"start":{"line":114,"column":0},"end":{"line":114,"column":2}},"114":{"start":{"line":115,"column":0},"end":{"line":115,"column":0}},"115":{"start":{"line":116,"column":0},"end":{"line":116,"column":0}},"116":{"start":{"line":117,"column":0},"end":{"line":117,"column":23}},"117":{"start":{"line":118,"column":0},"end":{"line":118,"column":29}},"118":{"start":{"line":119,"column":0},"end":{"line":119,"column":19}},"119":{"start":{"line":120,"column":0},"end":{"line":120,"column":22}},"120":{"start":{"line":121,"column":0},"end":{"line":121,"column":14}},"121":{"start":{"line":122,"column":0},"end":{"line":122,"column":28}},"122":{"start":{"line":123,"column":0},"end":{"line":123,"column":0}},"123":{"start":{"line":124,"column":0},"end":{"line":124,"column":11}},"124":{"start":{"line":125,"column":0},"end":{"line":125,"column":21}},"125":{"start":{"line":126,"column":0},"end":{"line":126,"column":27}},"126":{"start":{"line":127,"column":0},"end":{"line":127,"column":45}},"127":{"start":{"line":128,"column":0},"end":{"line":128,"column":3}},"128":{"start":{"line":129,"column":0},"end":{"line":129,"column":2}},"129":{"start":{"line":130,"column":0},"end":{"line":130,"column":0}},"130":{"start":{"line":131,"column":0},"end":{"line":131,"column":26}},"131":{"start":{"line":132,"column":0},"end":{"line":132,"column":15}},"132":{"start":{"line":133,"column":0},"end":{"line":133,"column":16}},"133":{"start":{"line":134,"column":0},"end":{"line":134,"column":22}},"134":{"start":{"line":135,"column":0},"end":{"line":135,"column":28}},"135":{"start":{"line":136,"column":0},"end":{"line":136,"column":0}},"136":{"start":{"line":137,"column":0},"end":{"line":137,"column":11}},"137":{"start":{"line":138,"column":0},"end":{"line":138,"column":26}},"138":{"start":{"line":139,"column":0},"end":{"line":139,"column":54}},"139":{"start":{"line":140,"column":0},"end":{"line":140,"column":3}},"140":{"start":{"line":141,"column":0},"end":{"line":141,"column":31}},"141":{"start":{"line":142,"column":0},"end":{"line":142,"column":17}},"142":{"start":{"line":143,"column":0},"end":{"line":143,"column":19}},"143":{"start":{"line":144,"column":0},"end":{"line":144,"column":2}},"144":{"start":{"line":145,"column":0},"end":{"line":145,"column":0}},"145":{"start":{"line":146,"column":0},"end":{"line":146,"column":27}},"146":{"start":{"line":147,"column":0},"end":{"line":147,"column":17}},"147":{"start":{"line":148,"column":0},"end":{"line":148,"column":2}},"148":{"start":{"line":149,"column":0},"end":{"line":149,"column":0}},"149":{"start":{"line":150,"column":0},"end":{"line":150,"column":25}},"150":{"start":{"line":151,"column":0},"end":{"line":151,"column":19}},"151":{"start":{"line":152,"column":0},"end":{"line":152,"column":22}},"152":{"start":{"line":153,"column":0},"end":{"line":153,"column":14}},"153":{"start":{"line":154,"column":0},"end":{"line":154,"column":28}},"154":{"start":{"line":155,"column":0},"end":{"line":155,"column":0}},"155":{"start":{"line":156,"column":0},"end":{"line":156,"column":11}},"156":{"start":{"line":157,"column":0},"end":{"line":157,"column":21}},"157":{"start":{"line":158,"column":0},"end":{"line":158,"column":27}},"158":{"start":{"line":159,"column":0},"end":{"line":159,"column":45}},"159":{"start":{"line":160,"column":0},"end":{"line":160,"column":3}},"160":{"start":{"line":161,"column":0},"end":{"line":161,"column":2}},"161":{"start":{"line":162,"column":0},"end":{"line":162,"column":0}},"162":{"start":{"line":163,"column":0},"end":{"line":163,"column":23}},"163":{"start":{"line":164,"column":0},"end":{"line":164,"column":19}},"164":{"start":{"line":165,"column":0},"end":{"line":165,"column":19}},"165":{"start":{"line":166,"column":0},"end":{"line":166,"column":28}},"166":{"start":{"line":167,"column":0},"end":{"line":167,"column":0}},"167":{"start":{"line":168,"column":0},"end":{"line":168,"column":11}},"168":{"start":{"line":169,"column":0},"end":{"line":169,"column":27}},"169":{"start":{"line":170,"column":0},"end":{"line":170,"column":21}},"170":{"start":{"line":171,"column":0},"end":{"line":171,"column":45}},"171":{"start":{"line":172,"column":0},"end":{"line":172,"column":3}},"172":{"start":{"line":173,"column":0},"end":{"line":173,"column":2}},"173":{"start":{"line":174,"column":0},"end":{"line":174,"column":0}},"174":{"start":{"line":175,"column":0},"end":{"line":175,"column":23}},"175":{"start":{"line":176,"column":0},"end":{"line":176,"column":19}},"176":{"start":{"line":177,"column":0},"end":{"line":177,"column":13}},"177":{"start":{"line":178,"column":0},"end":{"line":178,"column":2}},"178":{"start":{"line":179,"column":0},"end":{"line":179,"column":0}},"179":{"start":{"line":180,"column":0},"end":{"line":180,"column":27}},"180":{"start":{"line":181,"column":0},"end":{"line":181,"column":24}},"181":{"start":{"line":182,"column":0},"end":{"line":182,"column":14}},"182":{"start":{"line":183,"column":0},"end":{"line":183,"column":16}},"183":{"start":{"lin
[...]
},"12":{"type":"branch","line":2,"loc":{"start":{"line":2,"column":0},"end":{"line":2,"column":44}},"locations":[{"start":{"line":2,"column":0},"end":{"line":2,"column":44}}]},"13":{"type":"branch","line":2,"loc":{"start":{"line":2,"column":0},"end":{"line":2,"column":44}},"locations":[{"start":{"line":2,"column":0},"end":{"line":2,"column":44}}]},"14":{"type":"branch","line":2,"loc":{"start":{"line":2,"column":0},"end":{"line":2,"column":44}},"locations":[{"start":{"line":2,"column":0},"end":{"line":2,"column":44}}]},"15":{"type":"branch","line":2,"loc":{"start":{"line":2,"column":0},"end":{"line":2,"column":44}},"locations":[{"start":{"line":2,"column":0},"end":{"line":2,"column":44}}]},"16":{"type":"branch","line":2,"loc":{"start":{"line":2,"column":0},"end":{"line":2,"column":44}},"locations":[{"start":{"line":2,"column":0},"end":{"line":2,"column":44}}]},"17":{"type":"branch","line":2,"loc":{"start":{"line":2,"column":0},"end":{"line":2,"column":44}},"locations":[{"start":{"line":2,"column":0},"end":{"line":2,"column":44}}]},"18":{"type":"branch","line":2,"loc":{"start":{"line":2,"column":0},"end":{"line":2,"column":44}},"locations":[{"start":{"line":2,"column":0},"end":{"line":2,"column":44}}]},"19":{"type":"branch","line":2,"loc":{"start":{"line":2,"column":0},"end":{"line":2,"column":44}},"locations":[{"start":{"line":2,"column":0},"end":{"line":2,"column":44}}]},"20":{"type":"branch","line":2,"loc":{"start":{"line":2,"column":0},"end":{"line":2,"column":44}},"locations":[{"start":{"line":2,"column":0},"end":{"line":2,"column":44}}]},"21":{"type":"branch","line":7,"loc":{"start":{"line":7,"column":15},"end":{"line":93,"column":1}},"locations":[{"start":{"line":7,"column":15},"end":{"line":93,"column":1}}]},"22":{"type":"branch","line":56,"loc":{"start":{"line":56,"column":16},"end":{"line":56,"column":41}},"locations":[{"start":{"line":56,"column":16},"end":{"line":56,"column":41}}]},"23":{"type":"branch","line":56,"loc":{"start":{"line":56,"column":40},"end":{"line":93,"column":1}},"locations":[{"start":{"line":56,"column":40},"end":{"line":93,"column":1}}]},"24":{"type":"branch","line":15,"loc":{"start":{"line":15,"column":12},"end":{"line":50,"column":3}},"locations":[{"start":{"line":15,"column":12},"end":{"line":50,"column":3}}]},"25":{"type":"branch","line":15,"loc":{"start":{"line":15,"column":18},"end":{"line":16,"column":41}},"locations":[{"start":{"line":15,"column":18},"end":{"line":16,"column":41}}]},"26":{"type":"branch","line":16,"loc":{"start":{"line":16,"column":37},"end":{"line":47,"column":5}},"locations":[{"start":{"line":16,"column":37},"end":{"line":47,"column":5}}]},"27":{"type":"branch","line":16,"loc":{"start":{"line":16,"column":4},"end":{"line":45,"column":68}},"locations":[{"start":{"line":16,"column":4},"end":{"line":45,"column":68}}]},"28":{"type":"branch","line":16,"loc":{"start":{"line":16,"column":4},"end":{"line":45,"column":68}},"locations":[{"start":{"line":16,"column":4},"end":{"line":45,"column":68}}]},"29":{"type":"branch","line":16,"loc":{"start":{"line":16,"column":4},"end":{"line":45,"column":68}},"locations":[{"start":{"line":16,"column":4},"end":{"line":45,"column":68}}]},"30":{"type":"branch","line":16,"loc":{"start":{"line":16,"column":4},"end":{"line":20,"column":10}},"locations":[{"start":{"line":16,"column":4},"end":{"line":20,"column":10}}]},"31":{"type":"branch","line":20,"loc":{"start":{"line":20,"column":9},"end":{"line":42,"column":65}},"locations":[{"start":{"line":20,"column":9},"end":{"line":42,"column":65}}]},"32":{"type":"branch","line":42,"loc":{"start":{"line":42,"column":64},"end":{"line":43,"column":43}},"locations":[{"start":{"line":42,"column":64},"end":{"line":43,"column":43}}]},"33":{"type":"branch","line":44,"loc":{"start":{"line":44,"column":-2},"end":{"line":45,"column":68}},"locations":[{"start":{"line":44,"column":-2},"end":{"line":45,"column":68}}]},"34":{"type":"branch","line":26,"loc":{"start":{"line":26,"column":15},"end":{"line":26,"column":34}},"locations":[{"start":{"line":26,"column":15},"end":{"line":26,"column":34}}]},"35":{"type":"branch","line":29,"loc":{"start":{"line":29,"column":52},"end":{"line":40,"column":10}},"locations":[{"start":{"line":29,"column":52},"end":{"line":40,"column":10}}]},"36":{"type":"branch","line":29,"loc":{"start":{"line":29,"column":53},"end":{"line":39,"column":12}},"locations":[{"start":{"line":29,"column":53},"end":{"line":39,"column":12}}]},"37":{"type":"branch","line":29,"loc":{"start":{"line":29,"column":62},"end":{"line":39,"column":12}},"locations":[{"start":{"line":29,"column":62},"end":{"line":39,"column":12}}]},"38":{"type":"branch","line":29,"loc":{"start":{"line":29,"column":62},"end":{"line":30,"column":54}},"locations":[{"start":{"line":29,"column":62},"end":{"line":30,"column":54}}]},"39":{"type":"branch","line":30,"loc":{"start":{"line":30,"column":53},"end":{"line":39,"column":12}},"locations":[{"start":{"line":30,"column":53},"end":{"line":39,"column":12}}]},"40":{"type":"branch","line":38,"loc":{"start":{"line":38,"column":-2},"end":{"line":38,"column":33}},"locations":[{"start":{"line":38,"column":-2},"end":{"line":38,"column":33}}]},"41":{"type":"branch","line":32,"loc":{"start":{"line":32,"column":12},"end":{"line":32,"column":51}},"locations":[{"start":{"line":32,"column":12},"end":{"line":32,"column":51}}]},"42":{"type":"branch","line":40,"loc":{"start":{"line":40,"column":9},"end":{"line":40,"column":10}},"locations":[{"start":{"line":40,"column":9},"end":{"line":40,"column":10}}]},"43":{"type":"branch","line":66,"loc":{"start":{"line":66,"column":36},"end":{"line":66,"column":55}},"locations":[{"start":{"line":66,"column":36},"end":{"line":66,"column":55}}]},"44":{"type":"branch","line":72,"loc":{"start":{"line":72,"column":23},"end":{"line":73,"column":50}},"locations":[{"start":{"line":72,"column":23},"end":{"line":73,"column":50}}]},"45":{"type":"branch","line":81,"loc":{"start":{"line":81,"column":34},"end":{"line":84,"column":25}},"locations":[{"start":{"line":81,"column":34},"end":{"line":84,"column":25}}]}},"b":{"0":[1],"1":[0],"2":[14],"3":[13],"4":[0],"5":[1],"6":[3],"7":[10],"8":[10],"9":[0],"10":[4],"11":[6],"12":[4],"13":[4],"14":[4],"15":[10],"16":[9],"17":[0],"18":[0],"19":[0],"20":[9],"21":[3],"22":[2],"23":[1],"24":[2],"25":[2],"26":[2],"27":[2],"28":[6],"29":[8],"30":[2],"31":[2],"32":[2],"33":[0],"34":[4],"35":[2],"36":[2],"37":[4],"38":[2],"39":[2],"40":[0],"41":[2],"42":[2],"43":[1],"44":[2],"45":[1]},"fnMap":{"0":{"name":"_regeneratorDefine2","decl":{"start":{"line":2,"column":0},"end":{"line":2,"column":44}},"loc":{"start":{"line":2,"column":0},"end":{"line":2,"column":44}},"line":2},"1":{"name":"_regeneratorDefine","decl":{"start":{"line":2,"column":0},"end":{"line":2,"column":44}},"loc":{"start":{"line":2,"column":0},"end":{"line":2,"column":44}},"line":2},"2":{"name":"o","decl":{"start":{"line":2,"column":0},"end":{"line":2,"column":44}},"loc":{"start":{"line":2,"column":0},"end":{"line":2,"column":44}},"line":2},"3":{"name":"asyncGeneratorStep","decl":{"start":{"line":2,"column":0},"end":{"line":2,"column":44}},"loc":{"start":{"line":2,"column":0},"end":{"line":2,"column":44}},"line":2},"4":{"name":"_asyncToGenerator","decl":{"start":{"line":2,"column":0},"end":{"line":2,"column":44}},"loc":{"start":{"line":2,"column":0},"end":{"line":2,"column":44}},"line":2},"5":{"name":"_next","decl":{"start":{"line":2,"column":0},"end":{"line":2,"column":44}},"loc":{"start":{"line":2,"column":0},"end":{"line":2,"column":44}},"line":2},"6":{"name":"_throw","decl":{"start":{"line":2,"column":0},"end":{"line":2,"column":44}},"loc":{"start":{"line":2,"column":0},"end":{"line":2,"column":44}},"line":2},"7":{"name":"_slicedToArray","decl":{"start":{"line":2,"column":0},"end":{"line":2,"column":44}},"loc":{"start":{"line":2,"column":0},"end":{"line":2,"column":44}},"line":2},"8":{"name":"_nonIterableRest","decl":{"start":{"line":2,"column":0},"end":{"line":2,"column":44}},"loc":{"start":{"line":2,"column":0},"end":{"line":2,"column":44}},"line":2},"9":{"name":"_unsupportedIterableToArray","decl":{"start":{"line":2,"column":0},"end":{"line":2,"column":44}},"loc":{"start":{"line":2,"column":0},"end":{"line":2,"column":44}},"line":2},"10":{"name":"_arrayLikeToArray","decl":{"start":{"line":2,"column":0},"end":{"line":2,"column":44}},"loc":{"start":{"line":2,"column":0},"end":{"line":2,"column":44}},"line":2},"11":{"name":"_iterableToArrayLimit","decl":{"start":{"line":2,"column":0},"end":{"line":2,"column":44}},"loc":{"start":{"line":2,"column":0},"end":{"line":2,"column":44}},"line":2},"12":{"name":"_arrayWithHoles","decl":{"start":{"line":2,"column":0},"end":{"line":2,"column":44}},"loc":{"start":{"line":2,"column":0},"end":{"line":2,"column":44}},"line":2},"13":{"name":"PokemonDetails","decl":{"start":{"line":7,"column":15},"end":{"line":93,"column":1}},"loc":{"start":{"line":7,"column":15},"end":{"line":93,"column":1}},"line":7},"14":{"name":"fetchPokemonDetail","decl":{"start":{"line":15,"column":18},"end":{"line":16,"column":41}},"loc":{"start":{"line":15,"column":18},"end":{"line":16,"column":41}},"line":15},"15":{"name":"_fetchPokemonDetail","decl":{"start":{"line":16,"column":37},"end":{"line":47,"column":5}},"loc":{"start":{"line":16,"column":37},"end":{"line":47,"column":5}},"line":16},"16":{"name":"_callee2","decl":{"start":{"line":16,"column":4},"end":{"line":45,"column":68}},"loc":{"start":{"line":16,"column":4},"end":{"line":45,"column":68}},"line":16},"17":{"name":"_callee","decl":{"start":{"line":29,"column":53},"end":{"line":39,"column":12}},"loc":{"start":{"line":29,"column":53},"end":{"line":39,"column":12}},"line":29},"18":{"name":"goHome","decl":{"start":{"line":52,"column":2},"end":{"line":54,"column":3}},"loc":{"start":{"line":52,"column":2},"end":{"line":54,"column":3}},"line":52}},"f":{"0":1,"1":14,"2":3,"3":10,"4":4,"5":10,"6":0,"7":9,"8":0,"9":0,"10":0,"11":0,"12":9,"13":3,"14":2,"15":2,"16":2,"17":2,"18":0}}
,"C:\\Users\\Microsoft\\Desktop\\Futuro-TRABALHO\\Quest-pokedex\\src\\routes\\AppRoutes.jsx": {"path":"C:\\Users\\Microsoft\\Desktop\\Futuro-TRABALHO\\Quest-pokedex\\src\\routes\\AppRoutes.jsx","all":false,"statementMap":{"0":{"start":{"line":1,"column":0},"end":{"line":1,"column":64}},"1":{"start":{"line":2,"column":0},"end":{"line":2,"column":35}},"2":{"start":{"line":3,"column":0},"end":{"line":3,"column":53}},"3":{"start":{"line":4,"column":0},"end":{"line":4,"column":26}},"4":{"start":{"line":5,"column":0},"end":{"line":5,"column":0}},"5":{"start":{"line":6,"column":0},"end":{"line":6,"column":29}},"6":{"start":{"line":7,"column":0},"end":{"line":7,"column":10}},"7":{"start":{"line":8,"column":0},"end":{"line":8,"column":19}},"8":{"start":{"line":9,"column":0},"end":{"line":9,"column":14}},"9":{"start":{"line":10,"column":0},"end":{"line":10,"column":45}},"10":{"start":{"line":11,"column":0},"end":{"line":11,"column":67}},"11":{"start":{"line":12,"column":0},"end":{"line":12,"column":15}},"12":{"start":{"line":13,"column":0},"end":{"line":13,"column":20}},"13":{"start":{"line":14,"column":0},"end":{"line":14,"column":4}},"14":{"start":{"line":15,"column":0},"end":{"line":15,"column":1}}},"s":{"0":1,"1":1,"2":1,"3":1,"4":1,"5":1,"6":2,"7":2,"8":2,"9":2,"10":2,"11":2,"12":2,"13":2,"14":2},"branchMap":{"0":{"type":"branch","line":6,"loc":{"start":{"line":6,"column":7},"end":{"line":15,"column":1}},"locations":[{"start":{"line":6,"column":7},"end":{"line":15,"column":1}}]}},"b":{"0":[2]},"fnMap":{"0":{"name":"AppRoutes","decl":{"start":{"line":6,"column":7},"end":{"line":15,"column":1}},"loc":{"start":{"line":6,"column":7},"end":{"line":15,"column":1}},"line":6}},"f":{"0":2}}
,"C:\\Users\\Microsoft\\Desktop\\Futuro-TRABALHO\\Quest-pokedex\\src\\services\\PokemonApi.jsx": {"path":"C:\\Users\\Microsoft\\Desktop\\Futuro-TRABALHO\\Quest-pokedex\\src\\services\\PokemonApi.jsx","all":false,"statementMap":{"0":{"start":{"line":1,"column":0},"end":{"line":1,"column":26}},"1":{"start":{"line":2,"column":0},"end":{"line":2,"column":0}},"2":{"start":{"line":3,"column":0},"end":{"line":3,"column":21}},"3":{"start":{"line":4,"column":0},"end":{"line":4,"column":21}},"4":{"start":{"line":5,"column":0},"end":{"line":5,"column":8}},"5":{"start":{"line":6,"column":0},"end":{"line":6,"column":104}},"6":{"start":{"line":7,"column":0},"end":{"line":7,"column":0}},"7":{"start":{"line":8,"column":0},"end":{"line":8,"column":46}},"8":{"start":{"line":9,"column":0},"end":{"line":9,"column":8}},"9":{"start":{"line":10,"column":0},"end":{"line":10,"column":0}},"10":{"start":{"line":11,"column":0},"end":{"line":11,"column":76}},"11":{"start":{"line":12,"column":0},"end":{"line":12,"column":67}},"12":{"start":{"line":13,"column":0},"end":{"line":13,"column":8}},"13":{"start":{"line":14,"column":0},"end":{"line":14,"column":87}},"14":{"start":{"line":15,"column":0},"end":{"line":15,"column":65}},"15":{"start":{"line":16,"column":0},"end":{"line":16,"column":27}},"16":{"start":{"line":17,"column":0},"end":{"line":17,"column":5}},"17":{"start":{"line":18,"column":0},"end":{"line":18,"column":13}},"18":{"start":{"line":19,"column":0},"end":{"line":19,"column":45}},"19":{"start":{"line":20,"column":0},"end":{"line":20,"column":1}}},"s":{"0":1,"1":1,"2":2,"3":2,"4":2,"5":2,"6":1,"7":1,"8":1,"9":1,"10":1,"11":1,"12":1,"13":1,"14":1,"15":1,"16":1,"17":1,"18":5,"19":1},"branchMap":{"0":{"type":"branch","line":2,"loc":{"start":{"line":2,"column":-2},"end":{"line":2,"column":0}},"locations":[{"start":{"line":2,"column":-2},"end":{"line":2,"column":0}}]},"1":{"type":"branch","line":3,"loc":{"start":{"line":3,"column":-2},"end":{"line":4,"column":11}},"locations":[{"start":{"line":3,"column":-2},"end":{"line":4,"column":11}}]},"2":{"type":"branch","line":4,"loc":{"start":{"line":4,"column":10},"end":{"line":20,"column":1}},"locations":[{"start":{"line":4,"column":10},"end":{"line":20,"column":1}}]},"3":{"type":"branch","line":3,"loc":{"start":{"line":3,"column":7},"end":{"line":19,"column":45}},"locations":[{"start":{"line":3,"column":7},"end":{"line":19,"column":45}}]},"4":{"type":"branch","line":3,"loc":{"start":{"line":3,"column":7},"end":{"line":19,"column":45}},"locations":[{"start":{"line":3,"column":7},"end":{"line":19,"column":45}}]},"5":{"type":"branch","line":3,"loc":{"start":{"line":3,"column":7},"end":{"line":6,"column":104}},"locations":[{"start":{"line":3,"column":7},"end":{"line":6,"column":104}}]},"6":{"type":"branch","line":4,"loc":{"start":{"line":4,"column":17},"end":{"line":4,"column":19}},"locations":[{"start":{"line":4,"column":17},"end":{"line":4,"column":19}}]},"7":{"type":"branch","line":6,"loc":{"start":{"line":6,"column":103},"end":{"line":12,"column":67}},"locations":[{"start":{"line":6,"column":103},"end":{"line":12,"column":67}}]},"8":{"type":"branch","line":12,"loc":{"start":{"line":12,"column":66},"end":{"line":16,"column":27}},"locations":[{"start":{"line":12,"column":66},"end":{"line":16,"column":27}}]},"9":{"type":"branch","line":16,"loc":{"start":{"line":16,"column":26},"end":{"line":19,"column":44}},"locations":[{"start":{"line":16,"column":26},"end":{"line":19,"column":44}}]},"10":{"type":"branch","line":19,"loc":{"start":{"line":19,"column":44},"end":{"line":19,"column":45}},"locations":[{"start":{"line":19,"column":44},"end":{"line":19,"column":45}}]},"11":{"type":"branch","line":11,"loc":{"start":{"line":11,"column":43},"end":{"line":11,"column":75}},"locations":[{"start":{"line":11,"column":43},"end":{"line":11,"column":75}}]},"12":{"type":"branch","line":14,"loc":{"start":{"line":14,"column":49},"end":{"line":14,"column":86}},"locations":[{"start":{"line":14,"column":49},"end":{"line":14,"column":86}}]}},"b":{"0":[1],"1":[2],"2":[1],"3":[2],"4":[5],"5":[2],"6":[0],"7":[1],"8":[1],"9":[1],"10":[1],"11":[2],"12":[2]},"fnMap":{"0":{"name":"_regenerator","decl":{"start":{"line":2,"column":-2},"end":{"line":2,"column":0}},"loc":{"start":{"line":2,"column":-2},"end":{"line":2,"column":0}},"line":2},"1":{"name":"PokemonApi","decl":{"start":{"line":3,"column":-2},"end":{"line":4,"column":11}},"loc":{"start":{"line":3,"column":-2},"end":{"line":4,"column":11}},"line":3},"2":{"name":"_PokemonApi","decl":{"start":{"line":4,"column":10},"end":{"line":20,"column":1}},"loc":{"start":{"line":4,"column":10},"end":{"line":20,"column":1}},"line":4},"3":{"name":"_callee","decl":{"start":{"line":3,"column":7},"end":{"line":19,"column":45}},"loc":{"start":{"line":3,"column":7},"end":{"line":19,"column":45}},"line":3}},"f":{"0":1,"1":2,"2":1,"3":2}}
,"C:\\Users\\Microsoft\\Desktop\\Futuro-TRABALHO\\Quest-pokedex\\src\\styles\\GlobalStyle.jsx": {"path":"C:\\Users\\Microsoft\\Desktop\\Futuro-TRABALHO\\Quest-pokedex\\src\\styles\\GlobalStyle.jsx","all":false,"statementMap":{"0":{"start":{"line":1,"column":0},"end":{"line":1,"column":0}},"1":{"start":{"line":2,"column":0},"end":{"line":2,"column":54}},"2":{"start":{"line":3,"column":0},"end":{"line":3,"column":0}},"3":{"start":{"line":4,"column":0},"end":{"line":4,"column":45}},"4":{"start":{"line":5,"column":0},"end":{"line":5,"column":5}},"5":{"start":{"line":6,"column":0},"end":{"line":6,"column":14}},"6":{"start":{"line":7,"column":0},"end":{"line":7,"column":15}},"7":{"start":{"line":8,"column":0},"end":{"line":8,"column":27}},"8":{"start":{"line":9,"column":0},"end":{"line":9,"column":3}},"9":{"start":{"line":10,"column":0},"end":{"line":10,"column":0}},"10":{"start":{"line":11,"column":0},"end":{"line":11,"column":8}},"11":{"start":{"line":12,"column":0},"end":{"line":12,"column":18}},"12":{"start":{"line":13,"column":0},"end":{"line":13,"column":28}},"13":{"start":{"line":14,"column":0},"end":{"line":14,"column":24}},"14":{"start":{"line":15,"column":0},"end":{"line":15,"column":23}},"15":{"start":{"line":16,"column":0},"end":{"line":16,"column":51}},"16":{"start":{"line":17,"column":0},"end":{"line":17,"column":41}},"17":{"start":{"line":18,"column":0},"end":{"line":18,"column":28}},"18":{"start":{"line":19,"column":0},"end":{"line":19,"column":3}},"19":{"start":{"line":20,"column":0},"end":{"line":20,"column":0}},"20":{"start":{"line":21,"column":0},"end":{"line":21,"column":10}},"21":{"start":{"line":22,"column":0},"end":{"line":22,"column":51}},"22":{"start":{"line":23,"column":0},"end":{"line":23,"column":41}},"23":{"start":{"line":24,"column":0},"end":{"line":24,"column":43}},"24":{"start":{"line":25,"column":0},"end":{"line":25,"column":20}},"25":{"start":{"line":26,"column":0},"end":{"line":26,"column":3}},"26":{"start":{"line":27,"column":0},"end":{"line":27,"column":4}},"27":{"start":{"line":28,"column":0},"end":{"line":28,"column":23}},"28":{"start":{"line":29,"column":0},"end":{"line":29,"column":3}},"29":{"start":{"line":30,"column":0},"end":{"line":30,"column":0}},"30":{"start":{"line":31,"column":0},"end":{"line":31,"column":5}},"31":{"start":{"line":32,"column":0},"end":{"line":32,"column":3}},"32":{"start":{"line":33,"column":0},"end":{"line":33,"column":26}},"33":{"start":{"line":34,"column":0},"end":{"line":34,"column":19}},"34":{"start":{"line":35,"column":0},"end":{"line":35,"column":3}},"35":{"start":{"line":36,"column":0},"end":{"line":36,"column":2}}},"s":{"0":1,"1":1,"2":1,"3":1,"4":1,"5":1,"6":1,"7":1,"8":1,"9":1,"10":1,"11":1,"12":1,"13":1,"14":1,"15":1,"16":1,"17":1,"18":1,"19":1,"20":1,"21":1,"22":1,"23":1,"24":1,"25":1,"26":1,"27":1,"28":1,"29":1,"30":1,"31":1,"32":1,"33":1,"34":1,"35":1},"branchMap":{},"b":{},"fnMap":{"0":{"name":"GlobalStyle","decl":{"start":{"line":16,"column":18},"end":{"line":16,"column":51}},"loc":{"start":{"line":16,"column":18},"end":{"line":16,"column":51}},"line":16},"1":{"name":"GlobalStyle","decl":{"start":{"line":17,"column":13},"end":{"line":17,"column":41}},"loc":{"start":{"line":17,"column":13},"end":{"line":17,"column":41}},"line":17},"2":{"name":"GlobalStyle","decl":{"start":{"line":22,"column":18},"end":{"line":22,"column":51}},"loc":{"start":{"line":22,"column":18},"end":{"line":22,"column":51}},"line":22}},"f":{"0":0,"1":0,"2":0}}
}
