TN:
SF:src\App.jsx
FN:7,App
FNF:1
FNH:1
FNDA:1,App
DA:1,1
DA:2,1
DA:3,1
DA:4,1
DA:5,1
DA:6,1
DA:7,1
DA:8,1
DA:9,1
DA:10,1
DA:11,1
DA:12,1
DA:13,1
DA:14,1
DA:15,1
DA:16,1
DA:17,1
DA:18,1
DA:19,1
DA:20,1
LF:20
LH:20
BRDA:7,0,0,1
BRF:1
BRH:1
end_of_record
TN:
SF:src\components\Header.jsx
FN:4,Header
FNF:1
FNH:1
FNDA:2,Header
DA:1,1
DA:2,1
DA:3,1
DA:4,1
DA:5,2
DA:6,2
DA:7,2
DA:8,2
DA:9,2
DA:10,2
DA:11,2
DA:12,2
DA:13,2
DA:14,1
DA:15,1
DA:16,1
DA:17,1
DA:18,1
DA:19,1
DA:20,1
DA:21,1
DA:22,1
DA:23,1
DA:24,1
DA:25,1
DA:26,1
DA:27,1
DA:28,1
DA:29,1
DA:30,1
DA:31,1
DA:32,1
DA:33,1
DA:34,1
DA:35,1
DA:36,1
DA:37,1
DA:38,1
DA:39,1
DA:40,1
DA:41,1
DA:42,1
DA:43,1
DA:44,1
DA:45,1
LF:45
LH:45
BRDA:4,0,0,2
BRF:1
BRH:1
end_of_record
TN:
SF:src\components\Layout.jsx
FN:5,Layout
FNF:1
FNH:1
FNDA:2,Layout
DA:1,1
DA:2,1
DA:3,1
DA:4,1
DA:5,1
DA:6,2
DA:7,2
DA:8,2
DA:9,2
DA:10,2
DA:11,2
DA:12,2
DA:13,2
DA:14,2
DA:15,2
DA:16,2
LF:16
LH:16
BRDA:5,0,0,2
BRF:1
BRH:1
end_of_record
TN:
SF:src\components\PokemonCard.jsx
FN:5,PokemonCard
FNF:1
FNH:1
FNDA:17,PokemonCard
DA:1,1
DA:2,1
DA:3,1
DA:4,1
DA:5,1
DA:6,17
DA:7,17
DA:8,17
DA:9,17
DA:10,17
DA:11,17
DA:12,17
DA:13,17
DA:14,17
DA:15,1
DA:16,1
DA:17,1
DA:18,1
DA:19,1
DA:20,1
DA:21,1
DA:22,1
DA:23,1
DA:24,1
DA:25,1
DA:26,1
DA:27,1
DA:28,1
DA:29,1
DA:30,1
DA:31,1
DA:32,1
DA:33,1
DA:34,1
DA:35,1
DA:36,1
DA:37,1
DA:38,1
DA:39,1
DA:40,1
DA:41,1
DA:42,1
DA:43,1
DA:44,1
DA:45,1
DA:46,1
DA:47,1
DA:48,1
DA:49,1
DA:50,1
DA:51,1
DA:52,17
DA:53,17
DA:54,17
DA:55,1
DA:56,1
DA:57,1
DA:58,1
DA:59,1
DA:60,1
DA:61,1
DA:62,1
DA:63,1
DA:64,1
DA:65,1
DA:66,1
DA:67,1
DA:68,1
DA:69,1
DA:70,1
DA:71,1
DA:72,1
DA:73,1
DA:74,1
DA:75,1
DA:76,1
DA:77,1
DA:78,1
DA:79,1
DA:80,1
DA:81,1
DA:82,1
DA:83,1
DA:84,1
DA:85,1
DA:86,1
DA:87,1
DA:88,1
DA:89,1
LF:89
LH:89
BRDA:5,0,0,17
BRDA:51,1,0,17
BRDA:53,2,0,0
BRF:3
BRH:2
end_of_record
TN:
SF:src\components\SelectByType.jsx
FN:2,_regeneratorDefine2
FN:2,_regeneratorDefine
FN:2,o
FN:2,asyncGeneratorStep
FN:2,_asyncToGenerator
FN:2,_next
FN:2,_throw
FN:2,_slicedToArray
FN:2,_nonIterableRest
FN:2,_unsupportedIterableToArray
FN:2,_arrayLikeToArray
FN:2,_iterableToArrayLimit
FN:2,_arrayWithHoles
FN:5,SelectByType
FN:8,fetchTypes
FN:9,_fetchTypes
FN:9,_callee
FN:32,control
FN:38,singleValue
FN:42,menu
FN:46,option
FNF:21
FNH:14
FNDA:2,_regeneratorDefine2
FNDA:26,_regeneratorDefine
FNDA:6,o
FNDA:12,asyncGeneratorStep
FNDA:6,_asyncToGenerator
FNDA:12,_next
FNDA:0,_throw
FNDA:13,_slicedToArray
FNDA:0,_nonIterableRest
FNDA:0,_unsupportedIterableToArray
FNDA:0,_arrayLikeToArray
FNDA:0,_iterableToArrayLimit
FNDA:13,_arrayWithHoles
FNDA:13,SelectByType
FNDA:6,fetchTypes
FNDA:6,_fetchTypes
FNDA:6,_callee
FNDA:14,control
FNDA:0,singleValue
FNDA:3,menu
FNDA:0,option
DA:1,1
DA:2,13
DA:3,1
DA:4,1
DA:5,1
DA:6,13
DA:7,13
DA:8,13
DA:9,6
DA:10,6
DA:11,6
DA:12,6
DA:13,4
DA:14,4
DA:15,6
DA:16,6
DA:17,4
DA:18,4
DA:19,6
DA:20,6
DA:21,6
DA:22,6
DA:23,13
DA:24,13
DA:25,13
DA:26,13
DA:27,13
DA:28,13
DA:29,13
DA:30,13
DA:31,13
DA:32,13
DA:33,14
DA:34,14
DA:35,14
DA:36,14
DA:37,13
DA:38,13
DA:39,0
DA:40,0
DA:41,13
DA:42,13
DA:43,3
DA:44,3
DA:45,13
DA:46,13
DA:47,0
DA:48,0
DA:49,0
DA:50,13
DA:51,13
DA:52,13
DA:53,13
DA:54,13
LF:54
LH:49
BRDA:2,0,0,2
BRDA:2,1,0,0
BRDA:2,2,0,26
BRDA:2,3,0,24
BRDA:2,4,0,0
BRDA:2,5,0,2
BRDA:2,6,0,6
BRDA:2,7,0,12
BRDA:2,8,0,12
BRDA:2,9,0,0
BRDA:2,10,0,6
BRDA:2,11,0,6
BRDA:2,12,0,6
BRDA:2,13,0,6
BRDA:2,14,0,6
BRDA:2,15,0,12
BRDA:2,16,0,13
BRDA:2,17,0,0
BRDA:2,18,0,0
BRDA:2,19,0,0
BRDA:2,20,0,13
BRDA:5,21,0,13
BRDA:8,22,0,6
BRDA:8,23,0,6
BRDA:9,24,0,6
BRDA:9,25,0,6
BRDA:9,26,0,16
BRDA:9,27,0,18
BRDA:9,28,0,6
BRDA:11,29,0,6
BRDA:17,30,0,4
BRDA:12,31,0,8
BRDA:12,32,0,6
BRDA:12,33,0,4
BRDA:32,34,0,14
BRDA:42,35,0,3
BRF:36
BRH:30
end_of_record
TN:
SF:src\contextApi\HomeContext.jsx
FN:5,HomeProvider
FN:36,useHome
FNF:2
FNH:2
FNDA:17,HomeProvider
FNDA:16,useHome
DA:1,1
DA:2,1
DA:3,1
DA:4,1
DA:5,1
DA:6,17
DA:7,17
DA:8,17
DA:9,17
DA:10,17
DA:11,17
DA:12,17
DA:13,17
DA:14,17
DA:15,17
DA:16,17
DA:17,17
DA:18,17
DA:19,17
DA:20,17
DA:21,17
DA:22,17
DA:23,17
DA:24,17
DA:25,17
DA:26,17
DA:27,17
DA:28,17
DA:29,17
DA:30,17
DA:31,17
DA:32,17
DA:33,17
DA:34,17
DA:35,1
DA:36,1
DA:37,16
DA:38,16
LF:38
LH:38
BRDA:5,0,0,17
BRDA:36,1,0,16
BRF:2
BRH:2
end_of_record
TN:
SF:src\contextApi\ThemeContext.jsx
FN:19,ThemeProvider
FN:22,toggleTheme
FNF:2
FNH:2
FNDA:4,ThemeProvider
FNDA:2,toggleTheme
DA:1,1
DA:2,1
DA:3,1
DA:4,1
DA:5,1
DA:6,1
DA:7,1
DA:8,1
DA:9,1
DA:10,1
DA:11,1
DA:12,1
DA:13,1
DA:14,1
DA:15,1
DA:16,1
DA:17,1
DA:18,1
DA:19,1
DA:20,4
DA:21,4
DA:22,4
DA:23,2
DA:24,2
DA:25,2
DA:26,4
DA:27,4
DA:28,4
DA:29,4
DA:30,4
DA:31,4
DA:32,4
DA:33,4
DA:34,4
DA:35,4
LF:35
LH:35
BRDA:19,0,0,4
BRDA:22,1,0,2
BRDA:23,2,0,2
BRDA:24,3,0,1
BRDA:24,4,0,1
BRF:5
BRH:5
end_of_record
TN:
SF:src\pages\Home.jsx
FN:2,_regeneratorDefine2
FN:2,_regeneratorDefine
FN:2,o
FN:2,asyncGeneratorStep
FN:2,_asyncToGenerator
FN:2,_next
FN:2,_throw
FN:10,Home
FN:25,_callee
FN:40,handleScroll
FN:44,handleLoadMoreVariety
FN:46,_handleLoadMoreVariety
FN:46,_callee2
FN:51,handleSearchByType
FN:53,_handleSearchByType
FN:53,_callee3
FN:75,handleLoadMoreByType
FN:77,_handleLoadMoreByType
FN:91,handleShowAll
FN:107,onChange
FN:138,onClick
FNF:21
FNH:15
FNDA:1,_regeneratorDefine2
FNDA:17,_regeneratorDefine
FNDA:3,o
FNDA:13,asyncGeneratorStep
FNDA:7,_asyncToGenerator
FNDA:13,_next
FNDA:0,_throw
FNDA:10,Home
FNDA:4,_callee
FNDA:0,handleScroll
FNDA:2,handleLoadMoreVariety
FNDA:2,_handleLoadMoreVariety
FNDA:2,_callee2
FNDA:1,handleSearchByType
FNDA:1,_handleSearchByType
FNDA:1,_callee3
FNDA:0,handleLoadMoreByType
FNDA:0,_handleLoadMoreByType
FNDA:0,handleShowAll
FNDA:0,onChange
FNDA:1,onClick
DA:1,1
DA:2,0
DA:3,1
DA:4,1
DA:5,1
DA:6,1
DA:7,1
DA:8,1
DA:9,1
DA:10,1
DA:11,10
DA:12,10
DA:13,10
DA:14,10
DA:15,10
DA:16,10
DA:17,10
DA:18,10
DA:19,10
DA:20,10
DA:21,10
DA:22,10
DA:23,10
DA:24,10
DA:25,4
DA:26,4
DA:27,4
DA:28,8
DA:29,4
DA:30,4
DA:31,10
DA:32,10
DA:33,10
DA:34,10
DA:35,4
DA:36,10
DA:37,10
DA:38,10
DA:39,10
DA:40,4
DA:41,4
DA:42,4
DA:43,10
DA:44,2
DA:45,2
DA:46,2
DA:47,2
DA:48,2
DA:49,2
DA:50,2
DA:51,1
DA:52,1
DA:53,1
DA:54,1
DA:55,0
DA:56,0
DA:57,0
DA:58,0
DA:59,0
DA:60,0
DA:61,0
DA:62,0
DA:63,0
DA:64,0
DA:65,0
DA:66,0
DA:67,0
DA:68,0
DA:69,0
DA:70,0
DA:71,0
DA:72,0
DA:73,1
DA:74,1
DA:75,0
DA:76,0
DA:77,0
DA:78,0
DA:79,0
DA:80,0
DA:81,0
DA:82,0
DA:83,0
DA:84,0
DA:85,0
DA:86,0
DA:87,0
DA:88,0
DA:89,10
DA:90,10
DA:91,10
DA:92,0
DA:93,0
DA:94,0
DA:95,0
DA:96,0
DA:97,0
DA:98,0
DA:99,0
DA:100,10
DA:101,10
DA:102,10
DA:103,10
DA:104,10
DA:105,10
DA:106,10
DA:107,10
DA:108,10
DA:109,10
DA:110,10
DA:111,10
DA:112,0
DA:113,10
DA:114,10
DA:115,10
DA:116,10
DA:117,10
DA:118,14
DA:119,14
DA:120,14
DA:121,14
DA:122,14
DA:123,14
DA:124,14
DA:125,10
DA:126,10
DA:127,10
DA:128,10
DA:129,10
DA:130,10
DA:131,10
DA:132,10
DA:133,10
DA:134,0
DA:135,0
DA:136,0
DA:137,10
DA:138,10
DA:139,10
DA:140,10
DA:141,10
DA:142,10
DA:143,10
DA:144,10
DA:145,1
DA:146,1
DA:147,1
DA:148,1
DA:149,1
DA:150,1
DA:151,1
DA:152,1
DA:153,1
DA:154,1
DA:155,1
DA:156,1
DA:157,1
DA:158,1
DA:159,1
DA:160,1
DA:161,1
DA:162,1
DA:163,1
DA:164,1
DA:165,1
DA:166,1
DA:167,1
DA:168,1
DA:169,1
DA:170,1
DA:171,1
DA:172,1
DA:173,1
DA:174,1
DA:175,1
DA:176,1
DA:177,1
DA:178,1
DA:179,1
DA:180,1
DA:181,1
DA:182,1
DA:183,1
DA:184,1
DA:185,1
DA:186,1
DA:187,1
DA:188,1
DA:189,1
DA:190,1
DA:191,1
DA:192,1
DA:193,1
DA:194,1
DA:195,1
DA:196,1
DA:197,1
DA:198,1
DA:199,1
DA:200,1
LF:200
LH:155
BRDA:2,0,0,1
BRDA:2,1,0,0
BRDA:2,2,0,17
BRDA:2,3,0,16
BRDA:2,4,0,0
BRDA:2,5,0,1
BRDA:2,6,0,3
BRDA:2,7,0,13
BRDA:2,8,0,13
BRDA:2,9,0,0
BRDA:2,10,0,7
BRDA:2,11,0,6
BRDA:2,12,0,7
BRDA:2,13,0,7
BRDA:2,14,0,7
BRDA:2,15,0,13
BRDA:10,16,0,10
BRDA:101,17,0,0
BRDA:111,18,0,0
BRDA:133,19,0,0
BRDA:133,20,0,0
BRDA:23,21,0,10
BRDA:24,22,0,4
BRDA:25,23,0,4
BRDA:25,24,0,8
BRDA:25,25,0,4
BRDA:26,26,0,4
BRDA:28,27,0,4
BRDA:34,28,0,4
BRDA:39,29,0,4
BRDA:42,30,0,4
BRDA:44,31,0,2
BRDA:46,32,0,2
BRDA:46,33,0,2
BRDA:46,34,0,4
BRDA:46,35,0,2
BRDA:47,36,0,2
BRDA:48,37,0,2
BRDA:49,38,0,2
BRDA:51,39,0,1
BRDA:53,40,0,1
BRDA:53,41,0,1
BRDA:53,42,0,1
BRDA:54,43,0,0
BRDA:54,44,0,0
BRDA:58,45,0,0
BRDA:66,46,0,0
BRDA:71,47,0,0
BRDA:117,48,0,14
BRDA:138,49,0,1
BRF:50
BRH:38
end_of_record
TN:
SF:src\pages\PokemonDetails.jsx
FN:2,_regeneratorDefine2
FN:2,_regeneratorDefine
FN:2,o
FN:2,asyncGeneratorStep
FN:2,_asyncToGenerator
FN:2,_next
FN:2,_throw
FN:2,_slicedToArray
FN:2,_nonIterableRest
FN:2,_unsupportedIterableToArray
FN:2,_arrayLikeToArray
FN:2,_iterableToArrayLimit
FN:2,_arrayWithHoles
FN:7,PokemonDetails
FN:15,fetchPokemonDetail
FN:16,_fetchPokemonDetail
FN:16,_callee2
FN:29,_callee
FN:52,goHome
FNF:19
FNH:13
FNDA:1,_regeneratorDefine2
FNDA:14,_regeneratorDefine
FNDA:3,o
FNDA:10,asyncGeneratorStep
FNDA:4,_asyncToGenerator
FNDA:10,_next
FNDA:0,_throw
FNDA:9,_slicedToArray
FNDA:0,_nonIterableRest
FNDA:0,_unsupportedIterableToArray
FNDA:0,_arrayLikeToArray
FNDA:0,_iterableToArrayLimit
FNDA:9,_arrayWithHoles
FNDA:3,PokemonDetails
FNDA:2,fetchPokemonDetail
FNDA:2,_fetchPokemonDetail
FNDA:2,_callee2
FNDA:2,_callee
FNDA:0,goHome
DA:1,1
DA:2,9
DA:3,1
DA:4,1
DA:5,1
DA:6,1
DA:7,1
DA:8,3
DA:9,3
DA:10,3
DA:11,3
DA:12,3
DA:13,3
DA:14,3
DA:15,3
DA:16,2
DA:17,2
DA:18,2
DA:19,2
DA:20,2
DA:21,2
DA:22,2
DA:23,2
DA:24,2
DA:25,2
DA:26,2
DA:27,2
DA:28,2
DA:29,2
DA:30,2
DA:31,2
DA:32,2
DA:33,2
DA:34,2
DA:35,2
DA:36,2
DA:37,2
DA:38,0
DA:39,2
DA:40,2
DA:41,2
DA:42,2
DA:43,2
DA:44,0
DA:45,0
DA:46,2
DA:47,2
DA:48,2
DA:49,2
DA:50,3
DA:51,3
DA:52,3
DA:53,0
DA:54,0
DA:55,3
DA:56,3
DA:57,1
DA:58,1
DA:59,1
DA:60,1
DA:61,1
DA:62,1
DA:63,1
DA:64,1
DA:65,1
DA:66,1
DA:67,1
DA:68,1
DA:69,1
DA:70,1
DA:71,1
DA:72,1
DA:73,2
DA:74,1
DA:75,1
DA:76,1
DA:77,1
DA:78,1
DA:79,1
DA:80,1
DA:81,1
DA:82,1
DA:83,1
DA:84,1
DA:85,1
DA:86,1
DA:87,1
DA:88,1
DA:89,1
DA:90,1
DA:91,1
DA:92,1
DA:93,1
DA:94,1
DA:95,1
DA:96,1
DA:97,1
DA:98,1
DA:99,1
DA:100,1
DA:101,1
DA:102,1
DA:103,1
DA:104,1
DA:105,1
DA:106,1
DA:107,1
DA:108,1
DA:109,1
DA:110,1
DA:111,1
DA:112,1
DA:113,1
DA:114,1
DA:115,1
DA:116,1
DA:117,1
DA:118,1
DA:119,1
DA:120,1
DA:121,1
DA:122,1
DA:123,1
DA:124,1
DA:125,1
DA:126,1
DA:127,1
DA:128,1
DA:129,1
DA:130,1
DA:131,1
DA:132,1
DA:133,1
DA:134,1
DA:135,1
DA:136,1
DA:137,1
DA:138,1
DA:139,1
DA:140,1
DA:141,1
DA:142,1
DA:143,1
DA:144,1
DA:145,1
DA:146,1
DA:147,1
DA:148,1
DA:149,1
DA:150,1
DA:151,1
DA:152,1
DA:153,1
DA:154,1
DA:155,1
DA:156,1
DA:157,1
DA:158,1
DA:159,1
DA:160,1
DA:161,1
DA:162,1
DA:163,1
DA:164,1
DA:165,1
DA:166,1
DA:167,1
DA:168,1
DA:169,1
DA:170,1
DA:171,1
DA:172,1
DA:173,1
DA:174,1
DA:175,1
DA:176,1
DA:177,1
DA:178,1
DA:179,1
DA:180,1
DA:181,1
DA:182,1
DA:183,1
DA:184,1
DA:185,1
DA:186,1
DA:187,1
DA:188,1
DA:189,1
DA:190,1
DA:191,1
DA:192,1
DA:193,1
DA:194,1
DA:195,1
DA:196,1
DA:197,1
DA:198,1
DA:199,1
DA:200,1
DA:201,1
DA:202,1
DA:203,1
DA:204,1
DA:205,1
DA:206,1
DA:207,1
DA:208,1
DA:209,1
DA:210,1
DA:211,1
DA:212,1
DA:213,1
LF:213
LH:208
BRDA:2,0,0,1
BRDA:2,1,0,0
BRDA:2,2,0,14
BRDA:2,3,0,13
BRDA:2,4,0,0
BRDA:2,5,0,1
BRDA:2,6,0,3
BRDA:2,7,0,10
BRDA:2,8,0,10
BRDA:2,9,0,0
BRDA:2,10,0,4
BRDA:2,11,0,6
BRDA:2,12,0,4
BRDA:2,13,0,4
BRDA:2,14,0,4
BRDA:2,15,0,10
BRDA:2,16,0,9
BRDA:2,17,0,0
BRDA:2,18,0,0
BRDA:2,19,0,0
BRDA:2,20,0,9
BRDA:7,21,0,3
BRDA:56,22,0,2
BRDA:56,23,0,1
BRDA:15,24,0,2
BRDA:15,25,0,2
BRDA:16,26,0,2
BRDA:16,27,0,2
BRDA:16,28,0,6
BRDA:16,29,0,8
BRDA:16,30,0,2
BRDA:20,31,0,2
BRDA:42,32,0,2
BRDA:44,33,0,0
BRDA:26,34,0,4
BRDA:29,35,0,2
BRDA:29,36,0,2
BRDA:29,37,0,4
BRDA:29,38,0,2
BRDA:30,39,0,2
BRDA:38,40,0,0
BRDA:32,41,0,2
BRDA:40,42,0,2
BRDA:66,43,0,1
BRDA:72,44,0,2
BRDA:81,45,0,1
BRF:46
BRH:38
end_of_record
TN:
SF:src\routes\AppRoutes.jsx
FN:5,AppRoutes
FNF:1
FNH:1
FNDA:2,AppRoutes
DA:1,1
DA:2,1
DA:3,1
DA:4,1
DA:5,1
DA:6,2
DA:7,2
DA:8,2
DA:9,2
DA:10,2
DA:11,2
DA:12,2
DA:13,2
DA:14,2
DA:15,2
LF:15
LH:15
BRDA:5,0,0,2
BRF:1
BRH:1
end_of_record
TN:
SF:src\services\PokemonApi.jsx
FN:2,_regenerator
FN:3,PokemonApi
FN:4,_PokemonApi
FN:3,_callee
FNF:4
FNH:4
FNDA:1,_regenerator
FNDA:2,PokemonApi
FNDA:1,_PokemonApi
FNDA:2,_callee
DA:1,1
DA:2,1
DA:3,2
DA:4,2
DA:5,2
DA:6,2
DA:7,1
DA:8,1
DA:9,1
DA:10,1
DA:11,1
DA:12,1
DA:13,1
DA:14,1
DA:15,1
DA:16,1
DA:17,1
DA:18,1
DA:19,5
DA:20,1
LF:20
LH:20
BRDA:2,0,0,1
BRDA:3,1,0,2
BRDA:4,2,0,1
BRDA:3,3,0,2
BRDA:3,4,0,5
BRDA:3,5,0,2
BRDA:4,6,0,0
BRDA:6,7,0,1
BRDA:12,8,0,1
BRDA:16,9,0,1
BRDA:19,10,0,1
BRDA:11,11,0,2
BRDA:14,12,0,2
BRF:13
BRH:12
end_of_record
TN:
SF:src\styles\GlobalStyle.jsx
FN:16,GlobalStyle
FN:17,GlobalStyle
FN:22,GlobalStyle
FNF:3
FNH:0
FNDA:0,GlobalStyle
FNDA:0,GlobalStyle
FNDA:0,GlobalStyle
DA:1,1
DA:2,1
DA:3,1
DA:4,1
DA:5,1
DA:6,1
DA:7,1
DA:8,1
DA:9,1
DA:10,1
DA:11,1
DA:12,1
DA:13,1
DA:14,1
DA:15,1
DA:16,1
DA:17,1
DA:18,1
DA:19,1
DA:20,1
DA:21,1
DA:22,1
DA:23,1
DA:24,1
DA:25,1
DA:26,1
DA:27,1
DA:28,1
DA:29,1
DA:30,1
DA:31,1
DA:32,1
DA:33,1
DA:34,1
LF:34
LH:34
BRF:0
BRH:0
end_of_record
